

Started GET "/" for 127.0.0.1 at 2013-12-15 14:16:52 +0100

ActiveRecord::PendingMigrationError (Migrations are pending; run 'bin/rake db:migrate RAILS_ENV=development' to resolve this issue.):
  activerecord (4.0.1) lib/active_record/migration.rb:379:in `check_pending!'
  activerecord (4.0.1) lib/active_record/migration.rb:366:in `call'
  actionpack (4.0.1) lib/action_dispatch/middleware/callbacks.rb:29:in `block in call'
  activesupport (4.0.1) lib/active_support/callbacks.rb:373:in `_run__725860916__call__callbacks'
  activesupport (4.0.1) lib/active_support/callbacks.rb:80:in `run_callbacks'
  actionpack (4.0.1) lib/action_dispatch/middleware/callbacks.rb:27:in `call'
  actionpack (4.0.1) lib/action_dispatch/middleware/reloader.rb:64:in `call'
  actionpack (4.0.1) lib/action_dispatch/middleware/remote_ip.rb:76:in `call'
  actionpack (4.0.1) lib/action_dispatch/middleware/debug_exceptions.rb:17:in `call'
  actionpack (4.0.1) lib/action_dispatch/middleware/show_exceptions.rb:30:in `call'
  railties (4.0.1) lib/rails/rack/logger.rb:38:in `call_app'
  railties (4.0.1) lib/rails/rack/logger.rb:20:in `block in call'
  activesupport (4.0.1) lib/active_support/tagged_logging.rb:67:in `block in tagged'
  activesupport (4.0.1) lib/active_support/tagged_logging.rb:25:in `tagged'
  activesupport (4.0.1) lib/active_support/tagged_logging.rb:67:in `tagged'
  railties (4.0.1) lib/rails/rack/logger.rb:20:in `call'
  actionpack (4.0.1) lib/action_dispatch/middleware/request_id.rb:21:in `call'
  rack (1.5.2) lib/rack/methodoverride.rb:21:in `call'
  rack (1.5.2) lib/rack/runtime.rb:17:in `call'
  activesupport (4.0.1) lib/active_support/cache/strategy/local_cache.rb:83:in `call'
  rack (1.5.2) lib/rack/lock.rb:17:in `call'
  actionpack (4.0.1) lib/action_dispatch/middleware/static.rb:64:in `call'
  rack (1.5.2) lib/rack/sendfile.rb:112:in `call'
  railties (4.0.1) lib/rails/engine.rb:511:in `call'
  railties (4.0.1) lib/rails/application.rb:97:in `call'
  rack (1.5.2) lib/rack/lock.rb:17:in `call'
  rack (1.5.2) lib/rack/content_length.rb:14:in `call'
  rack (1.5.2) lib/rack/handler/webrick.rb:60:in `service'
  c:/RailsInstaller/Ruby2.0.0/lib/ruby/2.0.0/webrick/httpserver.rb:138:in `service'
  c:/RailsInstaller/Ruby2.0.0/lib/ruby/2.0.0/webrick/httpserver.rb:94:in `run'
  c:/RailsInstaller/Ruby2.0.0/lib/ruby/2.0.0/webrick/server.rb:295:in `block in start_thread'


  Rendered c:/RailsInstaller/Ruby2.0.0/lib/ruby/gems/2.0.0/gems/actionpack-4.0.1/lib/action_dispatch/middleware/templates/rescues/_source.erb (1.0ms)
  Rendered c:/RailsInstaller/Ruby2.0.0/lib/ruby/gems/2.0.0/gems/actionpack-4.0.1/lib/action_dispatch/middleware/templates/rescues/_trace.erb (4.0ms)
  Rendered c:/RailsInstaller/Ruby2.0.0/lib/ruby/gems/2.0.0/gems/actionpack-4.0.1/lib/action_dispatch/middleware/templates/rescues/_request_and_response.erb (2.0ms)
  Rendered c:/RailsInstaller/Ruby2.0.0/lib/ruby/gems/2.0.0/gems/actionpack-4.0.1/lib/action_dispatch/middleware/templates/rescues/diagnostics.erb within rescues/layout (97.0ms)


Started GET "/" for 127.0.0.1 at 2013-12-15 14:16:52 +0100

ActiveRecord::PendingMigrationError (Migrations are pending; run 'bin/rake db:migrate RAILS_ENV=development' to resolve this issue.):
  activerecord (4.0.1) lib/active_record/migration.rb:379:in `check_pending!'
  activerecord (4.0.1) lib/active_record/migration.rb:366:in `call'
  actionpack (4.0.1) lib/action_dispatch/middleware/callbacks.rb:29:in `block in call'
  activesupport (4.0.1) lib/active_support/callbacks.rb:373:in `_run__725860916__call__callbacks'
  activesupport (4.0.1) lib/active_support/callbacks.rb:80:in `run_callbacks'
  actionpack (4.0.1) lib/action_dispatch/middleware/callbacks.rb:27:in `call'
  actionpack (4.0.1) lib/action_dispatch/middleware/reloader.rb:64:in `call'
  actionpack (4.0.1) lib/action_dispatch/middleware/remote_ip.rb:76:in `call'
  actionpack (4.0.1) lib/action_dispatch/middleware/debug_exceptions.rb:17:in `call'
  actionpack (4.0.1) lib/action_dispatch/middleware/show_exceptions.rb:30:in `call'
  railties (4.0.1) lib/rails/rack/logger.rb:38:in `call_app'
  railties (4.0.1) lib/rails/rack/logger.rb:20:in `block in call'
  activesupport (4.0.1) lib/active_support/tagged_logging.rb:67:in `block in tagged'
  activesupport (4.0.1) lib/active_support/tagged_logging.rb:25:in `tagged'
  activesupport (4.0.1) lib/active_support/tagged_logging.rb:67:in `tagged'
  railties (4.0.1) lib/rails/rack/logger.rb:20:in `call'
  actionpack (4.0.1) lib/action_dispatch/middleware/request_id.rb:21:in `call'
  rack (1.5.2) lib/rack/methodoverride.rb:21:in `call'
  rack (1.5.2) lib/rack/runtime.rb:17:in `call'
  activesupport (4.0.1) lib/active_support/cache/strategy/local_cache.rb:83:in `call'
  rack (1.5.2) lib/rack/lock.rb:17:in `call'
  actionpack (4.0.1) lib/action_dispatch/middleware/static.rb:64:in `call'
  rack (1.5.2) lib/rack/sendfile.rb:112:in `call'
  railties (4.0.1) lib/rails/engine.rb:511:in `call'
  railties (4.0.1) lib/rails/application.rb:97:in `call'
  rack (1.5.2) lib/rack/lock.rb:17:in `call'
  rack (1.5.2) lib/rack/content_length.rb:14:in `call'
  rack (1.5.2) lib/rack/handler/webrick.rb:60:in `service'
  c:/RailsInstaller/Ruby2.0.0/lib/ruby/2.0.0/webrick/httpserver.rb:138:in `service'
  c:/RailsInstaller/Ruby2.0.0/lib/ruby/2.0.0/webrick/httpserver.rb:94:in `run'
  c:/RailsInstaller/Ruby2.0.0/lib/ruby/2.0.0/webrick/server.rb:295:in `block in start_thread'


  Rendered c:/RailsInstaller/Ruby2.0.0/lib/ruby/gems/2.0.0/gems/actionpack-4.0.1/lib/action_dispatch/middleware/templates/rescues/_source.erb (1.0ms)
  Rendered c:/RailsInstaller/Ruby2.0.0/lib/ruby/gems/2.0.0/gems/actionpack-4.0.1/lib/action_dispatch/middleware/templates/rescues/_trace.erb (1.0ms)
  Rendered c:/RailsInstaller/Ruby2.0.0/lib/ruby/gems/2.0.0/gems/actionpack-4.0.1/lib/action_dispatch/middleware/templates/rescues/_request_and_response.erb (2.0ms)
  Rendered c:/RailsInstaller/Ruby2.0.0/lib/ruby/gems/2.0.0/gems/actionpack-4.0.1/lib/action_dispatch/middleware/templates/rescues/diagnostics.erb within rescues/layout (53.0ms)


Started GET "/" for 127.0.0.1 at 2013-12-15 14:16:52 +0100

ActiveRecord::PendingMigrationError (Migrations are pending; run 'bin/rake db:migrate RAILS_ENV=development' to resolve this issue.):
  activerecord (4.0.1) lib/active_record/migration.rb:379:in `check_pending!'
  activerecord (4.0.1) lib/active_record/migration.rb:366:in `call'
  actionpack (4.0.1) lib/action_dispatch/middleware/callbacks.rb:29:in `block in call'
  activesupport (4.0.1) lib/active_support/callbacks.rb:373:in `_run__725860916__call__callbacks'
  activesupport (4.0.1) lib/active_support/callbacks.rb:80:in `run_callbacks'
  actionpack (4.0.1) lib/action_dispatch/middleware/callbacks.rb:27:in `call'
  actionpack (4.0.1) lib/action_dispatch/middleware/reloader.rb:64:in `call'
  actionpack (4.0.1) lib/action_dispatch/middleware/remote_ip.rb:76:in `call'
  actionpack (4.0.1) lib/action_dispatch/middleware/debug_exceptions.rb:17:in `call'
  actionpack (4.0.1) lib/action_dispatch/middleware/show_exceptions.rb:30:in `call'
  railties (4.0.1) lib/rails/rack/logger.rb:38:in `call_app'
  railties (4.0.1) lib/rails/rack/logger.rb:20:in `block in call'
  activesupport (4.0.1) lib/active_support/tagged_logging.rb:67:in `block in tagged'
  activesupport (4.0.1) lib/active_support/tagged_logging.rb:25:in `tagged'
  activesupport (4.0.1) lib/active_support/tagged_logging.rb:67:in `tagged'
  railties (4.0.1) lib/rails/rack/logger.rb:20:in `call'
  actionpack (4.0.1) lib/action_dispatch/middleware/request_id.rb:21:in `call'
  rack (1.5.2) lib/rack/methodoverride.rb:21:in `call'
  rack (1.5.2) lib/rack/runtime.rb:17:in `call'
  activesupport (4.0.1) lib/active_support/cache/strategy/local_cache.rb:83:in `call'
  rack (1.5.2) lib/rack/lock.rb:17:in `call'
  actionpack (4.0.1) lib/action_dispatch/middleware/static.rb:64:in `call'
  rack (1.5.2) lib/rack/sendfile.rb:112:in `call'
  railties (4.0.1) lib/rails/engine.rb:511:in `call'
  railties (4.0.1) lib/rails/application.rb:97:in `call'
  rack (1.5.2) lib/rack/lock.rb:17:in `call'
  rack (1.5.2) lib/rack/content_length.rb:14:in `call'
  rack (1.5.2) lib/rack/handler/webrick.rb:60:in `service'
  c:/RailsInstaller/Ruby2.0.0/lib/ruby/2.0.0/webrick/httpserver.rb:138:in `service'
  c:/RailsInstaller/Ruby2.0.0/lib/ruby/2.0.0/webrick/httpserver.rb:94:in `run'
  c:/RailsInstaller/Ruby2.0.0/lib/ruby/2.0.0/webrick/server.rb:295:in `block in start_thread'


  Rendered c:/RailsInstaller/Ruby2.0.0/lib/ruby/gems/2.0.0/gems/actionpack-4.0.1/lib/action_dispatch/middleware/templates/rescues/_source.erb (1.0ms)
  Rendered c:/RailsInstaller/Ruby2.0.0/lib/ruby/gems/2.0.0/gems/actionpack-4.0.1/lib/action_dispatch/middleware/templates/rescues/_trace.erb (2.0ms)
  Rendered c:/RailsInstaller/Ruby2.0.0/lib/ruby/gems/2.0.0/gems/actionpack-4.0.1/lib/action_dispatch/middleware/templates/rescues/_request_and_response.erb (2.0ms)
  Rendered c:/RailsInstaller/Ruby2.0.0/lib/ruby/gems/2.0.0/gems/actionpack-4.0.1/lib/action_dispatch/middleware/templates/rescues/diagnostics.erb within rescues/layout (44.0ms)


Started GET "/" for 127.0.0.1 at 2013-12-15 14:16:54 +0100

ActiveRecord::PendingMigrationError (Migrations are pending; run 'bin/rake db:migrate RAILS_ENV=development' to resolve this issue.):
  activerecord (4.0.1) lib/active_record/migration.rb:379:in `check_pending!'
  activerecord (4.0.1) lib/active_record/migration.rb:366:in `call'
  actionpack (4.0.1) lib/action_dispatch/middleware/callbacks.rb:29:in `block in call'
  activesupport (4.0.1) lib/active_support/callbacks.rb:373:in `_run__725860916__call__callbacks'
  activesupport (4.0.1) lib/active_support/callbacks.rb:80:in `run_callbacks'
  actionpack (4.0.1) lib/action_dispatch/middleware/callbacks.rb:27:in `call'
  actionpack (4.0.1) lib/action_dispatch/middleware/reloader.rb:64:in `call'
  actionpack (4.0.1) lib/action_dispatch/middleware/remote_ip.rb:76:in `call'
  actionpack (4.0.1) lib/action_dispatch/middleware/debug_exceptions.rb:17:in `call'
  actionpack (4.0.1) lib/action_dispatch/middleware/show_exceptions.rb:30:in `call'
  railties (4.0.1) lib/rails/rack/logger.rb:38:in `call_app'
  railties (4.0.1) lib/rails/rack/logger.rb:20:in `block in call'
  activesupport (4.0.1) lib/active_support/tagged_logging.rb:67:in `block in tagged'
  activesupport (4.0.1) lib/active_support/tagged_logging.rb:25:in `tagged'
  activesupport (4.0.1) lib/active_support/tagged_logging.rb:67:in `tagged'
  railties (4.0.1) lib/rails/rack/logger.rb:20:in `call'
  actionpack (4.0.1) lib/action_dispatch/middleware/request_id.rb:21:in `call'
  rack (1.5.2) lib/rack/methodoverride.rb:21:in `call'
  rack (1.5.2) lib/rack/runtime.rb:17:in `call'
  activesupport (4.0.1) lib/active_support/cache/strategy/local_cache.rb:83:in `call'
  rack (1.5.2) lib/rack/lock.rb:17:in `call'
  actionpack (4.0.1) lib/action_dispatch/middleware/static.rb:64:in `call'
  rack (1.5.2) lib/rack/sendfile.rb:112:in `call'
  railties (4.0.1) lib/rails/engine.rb:511:in `call'
  railties (4.0.1) lib/rails/application.rb:97:in `call'
  rack (1.5.2) lib/rack/lock.rb:17:in `call'
  rack (1.5.2) lib/rack/content_length.rb:14:in `call'
  rack (1.5.2) lib/rack/handler/webrick.rb:60:in `service'
  c:/RailsInstaller/Ruby2.0.0/lib/ruby/2.0.0/webrick/httpserver.rb:138:in `service'
  c:/RailsInstaller/Ruby2.0.0/lib/ruby/2.0.0/webrick/httpserver.rb:94:in `run'
  c:/RailsInstaller/Ruby2.0.0/lib/ruby/2.0.0/webrick/server.rb:295:in `block in start_thread'


  Rendered c:/RailsInstaller/Ruby2.0.0/lib/ruby/gems/2.0.0/gems/actionpack-4.0.1/lib/action_dispatch/middleware/templates/rescues/_source.erb (2.0ms)
  Rendered c:/RailsInstaller/Ruby2.0.0/lib/ruby/gems/2.0.0/gems/actionpack-4.0.1/lib/action_dispatch/middleware/templates/rescues/_trace.erb (2.0ms)
  Rendered c:/RailsInstaller/Ruby2.0.0/lib/ruby/gems/2.0.0/gems/actionpack-4.0.1/lib/action_dispatch/middleware/templates/rescues/_request_and_response.erb (2.0ms)
  Rendered c:/RailsInstaller/Ruby2.0.0/lib/ruby/gems/2.0.0/gems/actionpack-4.0.1/lib/action_dispatch/middleware/templates/rescues/diagnostics.erb within rescues/layout (67.0ms)
  [1m[36m (8.0ms)[0m  [1mCREATE TABLE "schema_migrations" ("version" varchar(255) NOT NULL) [0m
  [1m[35m (8.0ms)[0m  CREATE UNIQUE INDEX "unique_schema_migrations" ON "schema_migrations" ("version")
  [1m[36mActiveRecord::SchemaMigration Load (0.0ms)[0m  [1mSELECT "schema_migrations".* FROM "schema_migrations"[0m
Migrating to CreateTasks (20131202210202)
  [1m[35m (0.0ms)[0m  begin transaction
  [1m[36m (2.0ms)[0m  [1mCREATE TABLE "tasks" ("id" INTEGER PRIMARY KEY AUTOINCREMENT NOT NULL, "name" varchar(255), "deadline" date, "done" boolean, "duration" float, "created_at" datetime, "updated_at" datetime) [0m
  [1m[35mSQL (1.0ms)[0m  INSERT INTO "schema_migrations" ("version") VALUES (?)  [["version", "20131202210202"]]
  [1m[36m (7.0ms)[0m  [1mcommit transaction[0m
Migrating to DeviseCreateUsers (20131215113358)
  [1m[35m (0.0ms)[0m  begin transaction
  [1m[36m (3.0ms)[0m  [1mCREATE TABLE "users" ("id" INTEGER PRIMARY KEY AUTOINCREMENT NOT NULL, "email" varchar(255) DEFAULT '' NOT NULL, "encrypted_password" varchar(255) DEFAULT '' NOT NULL, "reset_password_token" varchar(255), "reset_password_sent_at" datetime, "remember_created_at" datetime, "sign_in_count" integer DEFAULT 0 NOT NULL, "current_sign_in_at" datetime, "last_sign_in_at" datetime, "current_sign_in_ip" varchar(255), "last_sign_in_ip" varchar(255), "created_at" datetime, "updated_at" datetime) [0m
  [1m[35m (2.0ms)[0m  CREATE UNIQUE INDEX "index_users_on_email" ON "users" ("email")
  [1m[36m (0.0ms)[0m  [1mCREATE UNIQUE INDEX "index_users_on_reset_password_token" ON "users" ("reset_password_token")[0m
  [1m[35mSQL (0.0ms)[0m  INSERT INTO "schema_migrations" ("version") VALUES (?)  [["version", "20131215113358"]]
  [1m[36m (7.0ms)[0m  [1mcommit transaction[0m
Migrating to AddUserIdToTasks (20131215114211)
  [1m[35m (0.0ms)[0m  begin transaction
  [1m[36m (2.0ms)[0m  [1mALTER TABLE "tasks" ADD "user_id" integer[0m
  [1m[35m (0.0ms)[0m  CREATE INDEX "index_tasks_on_user_id" ON "tasks" ("user_id")
  [1m[36mSQL (1.0ms)[0m  [1mINSERT INTO "schema_migrations" ("version") VALUES (?)[0m  [["version", "20131215114211"]]
  [1m[35m (7.0ms)[0m  commit transaction
Migrating to AddUsernameToUsers (20131215121815)
  [1m[36m (0.0ms)[0m  [1mbegin transaction[0m
  [1m[35m (2.0ms)[0m  ALTER TABLE "users" ADD "username" varchar(255)
  [1m[36mSQL (0.0ms)[0m  [1mINSERT INTO "schema_migrations" ("version") VALUES (?)[0m  [["version", "20131215121815"]]
  [1m[35m (7.0ms)[0m  commit transaction
Migrating to AddDelegatedToTasks (20131215122836)
  [1m[36m (0.0ms)[0m  [1mbegin transaction[0m
  [1m[35m (2.0ms)[0m  ALTER TABLE "tasks" ADD "delegated_id" integer
  [1m[36m (1.0ms)[0m  [1mCREATE INDEX "index_tasks_on_delegated_id" ON "tasks" ("delegated_id")[0m
  [1m[35mSQL (0.0ms)[0m  INSERT INTO "schema_migrations" ("version") VALUES (?)  [["version", "20131215122836"]]
  [1m[36m (7.0ms)[0m  [1mcommit transaction[0m
  [1m[35mActiveRecord::SchemaMigration Load (1.0ms)[0m  SELECT "schema_migrations".* FROM "schema_migrations"
  [1m[36m (10.0ms)[0m  [1mDROP TABLE "tasks"[0m
  [1m[35m (8.0ms)[0m  CREATE TABLE "tasks" ("id" INTEGER PRIMARY KEY AUTOINCREMENT NOT NULL, "name" varchar(255), "deadline" date, "done" boolean, "duration" float, "created_at" datetime, "updated_at" datetime, "user_id" integer, "delegated_id" integer) 
  [1m[36m (8.0ms)[0m  [1mCREATE INDEX "index_tasks_on_delegated_id" ON "tasks" ("delegated_id")[0m
  [1m[35m (8.0ms)[0m  CREATE INDEX "index_tasks_on_user_id" ON "tasks" ("user_id")
  [1m[36m (9.0ms)[0m  [1mDROP TABLE "users"[0m
  [1m[35m (7.0ms)[0m  CREATE TABLE "users" ("id" INTEGER PRIMARY KEY AUTOINCREMENT NOT NULL, "email" varchar(255) DEFAULT '' NOT NULL, "encrypted_password" varchar(255) DEFAULT '' NOT NULL, "reset_password_token" varchar(255), "reset_password_sent_at" datetime, "remember_created_at" datetime, "sign_in_count" integer DEFAULT 0 NOT NULL, "current_sign_in_at" datetime, "last_sign_in_at" datetime, "current_sign_in_ip" varchar(255), "last_sign_in_ip" varchar(255), "created_at" datetime, "updated_at" datetime, "username" varchar(255)) 
  [1m[36m (7.0ms)[0m  [1mCREATE UNIQUE INDEX "index_users_on_email" ON "users" ("email")[0m
  [1m[35m (8.0ms)[0m  CREATE UNIQUE INDEX "index_users_on_reset_password_token" ON "users" ("reset_password_token")
  [1m[36m (0.0ms)[0m  [1mSELECT version FROM "schema_migrations"[0m
  [1m[35mActiveRecord::SchemaMigration Load (1.0ms)[0m  SELECT "schema_migrations".* FROM "schema_migrations"
  [1m[36m (0.0ms)[0m  [1mbegin transaction[0m
  [1m[35mUser Exists (0.0ms)[0m  SELECT 1 AS one FROM "users" WHERE "users"."username" = 'Alice' LIMIT 1
  [1m[36mUser Exists (0.0ms)[0m  [1mSELECT 1 AS one FROM "users" WHERE "users"."email" = 'alice@alice.com' LIMIT 1[0m
Binary data inserted for `string` type on column `encrypted_password`
  [1m[35mSQL (7.0ms)[0m  INSERT INTO "users" ("created_at", "email", "encrypted_password", "updated_at", "username") VALUES (?, ?, ?, ?, ?)  [["created_at", Sun, 15 Dec 2013 13:17:38 UTC +00:00], ["email", "alice@alice.com"], ["encrypted_password", "$2a$10$gIzhM/N1EpRNtmIDxCVZoO.sikDipIApTOm673vZiHkzvKjpNxZAC"], ["updated_at", Sun, 15 Dec 2013 13:17:38 UTC +00:00], ["username", "Alice"]]
  [1m[36m (6.0ms)[0m  [1mcommit transaction[0m
  [1m[35m (1.0ms)[0m  begin transaction
  [1m[36mUser Exists (1.0ms)[0m  [1mSELECT 1 AS one FROM "users" WHERE "users"."username" = 'Bob' LIMIT 1[0m
  [1m[35mUser Exists (0.0ms)[0m  SELECT 1 AS one FROM "users" WHERE "users"."email" = 'bob@bob.com' LIMIT 1
Binary data inserted for `string` type on column `encrypted_password`
  [1m[36mSQL (2.0ms)[0m  [1mINSERT INTO "users" ("created_at", "email", "encrypted_password", "updated_at", "username") VALUES (?, ?, ?, ?, ?)[0m  [["created_at", Sun, 15 Dec 2013 13:17:38 UTC +00:00], ["email", "bob@bob.com"], ["encrypted_password", "$2a$10$hLF8MQFeAcRb6/5z1onLc.Bt6rIYp47Yq6aoA1RMxR9caCX66MO32"], ["updated_at", Sun, 15 Dec 2013 13:17:38 UTC +00:00], ["username", "Bob"]]
  [1m[35m (8.0ms)[0m  commit transaction
  [1m[36m (0.0ms)[0m  [1mbegin transaction[0m
  [1m[35mSQL (3.0ms)[0m  INSERT INTO "tasks" ("created_at", "deadline", "delegated_id", "done", "duration", "name", "updated_at", "user_id") VALUES (?, ?, ?, ?, ?, ?, ?, ?)  [["created_at", Sun, 15 Dec 2013 13:17:38 UTC +00:00], ["deadline", Sun, 22 Dec 2013], ["delegated_id", 2], ["done", false], ["duration", 2.0], ["name", "Todo-Applikation"], ["updated_at", Sun, 15 Dec 2013 13:17:38 UTC +00:00], ["user_id", 1]]
  [1m[36m (7.0ms)[0m  [1mcommit transaction[0m
  [1m[35m (0.0ms)[0m  begin transaction
  [1m[36mSQL (3.0ms)[0m  [1mINSERT INTO "tasks" ("created_at", "deadline", "done", "duration", "name", "updated_at", "user_id") VALUES (?, ?, ?, ?, ?, ?, ?)[0m  [["created_at", Sun, 15 Dec 2013 13:17:38 UTC +00:00], ["deadline", Wed, 25 Dec 2013], ["done", false], ["duration", 2.0], ["name", "Idee für eigene Web-Applikation"], ["updated_at", Sun, 15 Dec 2013 13:17:38 UTC +00:00], ["user_id", 2]]
  [1m[35m (6.0ms)[0m  commit transaction
  [1m[36m (0.0ms)[0m  [1mbegin transaction[0m
  [1m[35mSQL (2.0ms)[0m  INSERT INTO "tasks" ("created_at", "deadline", "delegated_id", "done", "duration", "name", "updated_at", "user_id") VALUES (?, ?, ?, ?, ?, ?, ?, ?)  [["created_at", Sun, 15 Dec 2013 13:17:38 UTC +00:00], ["deadline", Fri, 13 Dec 2013], ["delegated_id", 2], ["done", false], ["duration", 3.0], ["name", "Rails for Zombies"], ["updated_at", Sun, 15 Dec 2013 13:17:38 UTC +00:00], ["user_id", 1]]
  [1m[36m (6.0ms)[0m  [1mcommit transaction[0m
  [1m[35m (0.0ms)[0m  begin transaction
  [1m[36mSQL (2.0ms)[0m  [1mINSERT INTO "tasks" ("created_at", "deadline", "done", "duration", "name", "updated_at", "user_id") VALUES (?, ?, ?, ?, ?, ?, ?)[0m  [["created_at", Sun, 15 Dec 2013 13:17:38 UTC +00:00], ["deadline", Wed, 11 Dec 2013], ["done", false], ["duration", 3.0], ["name", "Übung 6: Rails Account"], ["updated_at", Sun, 15 Dec 2013 13:17:38 UTC +00:00], ["user_id", 2]]
  [1m[35m (6.0ms)[0m  commit transaction
  [1m[36m (0.0ms)[0m  [1mbegin transaction[0m
  [1m[35mSQL (2.0ms)[0m  INSERT INTO "tasks" ("created_at", "deadline", "done", "duration", "name", "updated_at", "user_id") VALUES (?, ?, ?, ?, ?, ?, ?)  [["created_at", Sun, 15 Dec 2013 13:17:38 UTC +00:00], ["deadline", Tue, 19 Nov 2013], ["done", true], ["duration", 4.0], ["name", "Übung 1: FizzBuzz"], ["updated_at", Sun, 15 Dec 2013 13:17:38 UTC +00:00], ["user_id", 1]]
  [1m[36m (7.0ms)[0m  [1mcommit transaction[0m
  [1m[35m (0.0ms)[0m  begin transaction
  [1m[36mSQL (2.0ms)[0m  [1mINSERT INTO "tasks" ("created_at", "deadline", "delegated_id", "done", "duration", "name", "updated_at", "user_id") VALUES (?, ?, ?, ?, ?, ?, ?, ?)[0m  [["created_at", Sun, 15 Dec 2013 13:17:38 UTC +00:00], ["deadline", Mon, 25 Nov 2013], ["delegated_id", 1], ["done", true], ["duration", 5.0], ["name", "Übung 2: Ruby Konto"], ["updated_at", Sun, 15 Dec 2013 13:17:38 UTC +00:00], ["user_id", 2]]
  [1m[35m (6.0ms)[0m  commit transaction


Started GET "/" for 127.0.0.1 at 2013-12-15 14:18:16 +0100
  [1m[36mActiveRecord::SchemaMigration Load (1.0ms)[0m  [1mSELECT "schema_migrations".* FROM "schema_migrations"[0m
Processing by TasksController#index as HTML
  [1m[35m (1.0ms)[0m  SELECT COUNT(*) FROM "tasks" WHERE "tasks"."done" = 'f'
  [1m[36m (1.0ms)[0m  [1mSELECT SUM("tasks"."duration") AS sum_id FROM "tasks" WHERE "tasks"."done" = 'f'[0m
  [1m[35mTask Load (0.0ms)[0m  SELECT "tasks".* FROM "tasks" WHERE "tasks"."done" = 'f' ORDER BY "tasks"."updated_at" DESC
  [1m[36mUser Load (0.0ms)[0m  [1mSELECT "users".* FROM "users" WHERE "users"."id" = ? ORDER BY "users"."id" ASC LIMIT 1[0m  [["id", 2]]
  [1m[35mUser Load (1.0ms)[0m  SELECT "users".* FROM "users" WHERE "users"."id" = ? ORDER BY "users"."id" ASC LIMIT 1  [["id", 1]]
  [1m[36mCACHE (0.0ms)[0m  [1mSELECT "users".* FROM "users" WHERE "users"."id" = ? ORDER BY "users"."id" ASC LIMIT 1[0m  [["id", 2]]
  [1m[35mCACHE (0.0ms)[0m  SELECT "users".* FROM "users" WHERE "users"."id" = ? ORDER BY "users"."id" ASC LIMIT 1  [["id", 1]]
  Rendered tasks/_table.html.erb (125.0ms)
  [1m[36m (0.0ms)[0m  [1mSELECT COUNT(*) FROM "tasks" WHERE "tasks"."done" = 't'[0m
  [1m[35m (1.0ms)[0m  SELECT SUM("tasks"."duration") AS sum_id FROM "tasks" WHERE "tasks"."done" = 't'
  [1m[36mTask Load (1.0ms)[0m  [1mSELECT "tasks".* FROM "tasks" WHERE "tasks"."done" = 't' ORDER BY "tasks"."created_at" DESC[0m
  [1m[35mCACHE (0.0ms)[0m  SELECT "users".* FROM "users" WHERE "users"."id" = ? ORDER BY "users"."id" ASC LIMIT 1  [["id", 2]]
  [1m[36mCACHE (0.0ms)[0m  [1mSELECT "users".* FROM "users" WHERE "users"."id" = ? ORDER BY "users"."id" ASC LIMIT 1[0m  [["id", 1]]
  Rendered tasks/_table.html.erb (13.0ms)
  Rendered tasks/index.html.erb within layouts/application (174.0ms)
  Rendered layouts/_navigation.html.erb (20.0ms)
  Rendered layouts/_messages.html.erb (1.0ms)
Completed 200 OK in 4984ms (Views: 4903.3ms | ActiveRecord: 8.0ms)


Started GET "/" for 127.0.0.1 at 2013-12-15 14:18:21 +0100
Processing by TasksController#index as HTML
  [1m[35m (1.0ms)[0m  SELECT COUNT(*) FROM "tasks" WHERE "tasks"."done" = 'f'
  [1m[36m (1.0ms)[0m  [1mSELECT SUM("tasks"."duration") AS sum_id FROM "tasks" WHERE "tasks"."done" = 'f'[0m
  [1m[35mTask Load (0.0ms)[0m  SELECT "tasks".* FROM "tasks" WHERE "tasks"."done" = 'f' ORDER BY "tasks"."updated_at" DESC
  [1m[36mUser Load (0.0ms)[0m  [1mSELECT "users".* FROM "users" WHERE "users"."id" = ? ORDER BY "users"."id" ASC LIMIT 1[0m  [["id", 2]]
  [1m[35mUser Load (0.0ms)[0m  SELECT "users".* FROM "users" WHERE "users"."id" = ? ORDER BY "users"."id" ASC LIMIT 1  [["id", 1]]
  [1m[36mCACHE (0.0ms)[0m  [1mSELECT "users".* FROM "users" WHERE "users"."id" = ? ORDER BY "users"."id" ASC LIMIT 1[0m  [["id", 2]]
  [1m[35mCACHE (0.0ms)[0m  SELECT "users".* FROM "users" WHERE "users"."id" = ? ORDER BY "users"."id" ASC LIMIT 1  [["id", 1]]
  Rendered tasks/_table.html.erb (23.0ms)
  [1m[36m (0.0ms)[0m  [1mSELECT COUNT(*) FROM "tasks" WHERE "tasks"."done" = 't'[0m
  [1m[35m (0.0ms)[0m  SELECT SUM("tasks"."duration") AS sum_id FROM "tasks" WHERE "tasks"."done" = 't'
  [1m[36mTask Load (0.0ms)[0m  [1mSELECT "tasks".* FROM "tasks" WHERE "tasks"."done" = 't' ORDER BY "tasks"."created_at" DESC[0m
  [1m[35mCACHE (0.0ms)[0m  SELECT "users".* FROM "users" WHERE "users"."id" = ? ORDER BY "users"."id" ASC LIMIT 1  [["id", 2]]
  [1m[36mCACHE (0.0ms)[0m  [1mSELECT "users".* FROM "users" WHERE "users"."id" = ? ORDER BY "users"."id" ASC LIMIT 1[0m  [["id", 1]]
  Rendered tasks/_table.html.erb (16.0ms)
  Rendered tasks/index.html.erb within layouts/application (55.0ms)
  Rendered layouts/_navigation.html.erb (1.0ms)
  Rendered layouts/_messages.html.erb (0.0ms)
Completed 200 OK in 78ms (Views: 75.0ms | ActiveRecord: 2.0ms)


Started GET "/assets/bootstrap.min.css?body=1" for 127.0.0.1 at 2013-12-15 14:18:21 +0100


Started GET "/assets/bootstrap-theme.min.css?body=1" for 127.0.0.1 at 2013-12-15 14:18:21 +0100


Started GET "/assets/datepicker.css?body=1" for 127.0.0.1 at 2013-12-15 14:18:21 +0100


Started GET "/assets/application.css?body=1" for 127.0.0.1 at 2013-12-15 14:18:21 +0100


Started GET "/assets/tasks.css?body=1" for 127.0.0.1 at 2013-12-15 14:18:21 +0100


Started GET "/assets/jquery.js?body=1" for 127.0.0.1 at 2013-12-15 14:18:21 +0100


Started GET "/assets/jquery_ujs.js?body=1" for 127.0.0.1 at 2013-12-15 14:18:21 +0100


Started GET "/assets/bootstrap.min.js?body=1" for 127.0.0.1 at 2013-12-15 14:18:21 +0100


Started GET "/assets/bootstrap-datepicker.js?body=1" for 127.0.0.1 at 2013-12-15 14:18:21 +0100


Started GET "/assets/turbolinks.js?body=1" for 127.0.0.1 at 2013-12-15 14:18:21 +0100


Started GET "/assets/tasks.js?body=1" for 127.0.0.1 at 2013-12-15 14:18:21 +0100


Started GET "/assets/application.js?body=1" for 127.0.0.1 at 2013-12-15 14:18:22 +0100


Started GET "/tasks/4/edit" for 127.0.0.1 at 2013-12-15 14:18:25 +0100
Processing by TasksController#edit as HTML
  Parameters: {"id"=>"4"}
  [1m[35mTask Load (0.0ms)[0m  SELECT "tasks".* FROM "tasks" WHERE "tasks"."id" = ? LIMIT 1  [["id", "4"]]
Completed 500 Internal Server Error in 5ms

NoMethodError (undefined method `id' for nil:NilClass):
  app/controllers/tasks_controller.rb:76:in `set_task'


  Rendered c:/RailsInstaller/Ruby2.0.0/lib/ruby/gems/2.0.0/gems/actionpack-4.0.1/lib/action_dispatch/middleware/templates/rescues/_source.erb (2.0ms)
  Rendered c:/RailsInstaller/Ruby2.0.0/lib/ruby/gems/2.0.0/gems/actionpack-4.0.1/lib/action_dispatch/middleware/templates/rescues/_trace.erb (3.0ms)
  Rendered c:/RailsInstaller/Ruby2.0.0/lib/ruby/gems/2.0.0/gems/actionpack-4.0.1/lib/action_dispatch/middleware/templates/rescues/_request_and_response.erb (2.0ms)
  Rendered c:/RailsInstaller/Ruby2.0.0/lib/ruby/gems/2.0.0/gems/actionpack-4.0.1/lib/action_dispatch/middleware/templates/rescues/diagnostics.erb within rescues/layout (72.0ms)


Started GET "/tasks/4/edit" for 127.0.0.1 at 2013-12-15 14:18:25 +0100
Processing by TasksController#edit as HTML
  Parameters: {"id"=>"4"}
  [1m[36mTask Load (1.0ms)[0m  [1mSELECT "tasks".* FROM "tasks" WHERE "tasks"."id" = ? LIMIT 1[0m  [["id", "4"]]
Completed 500 Internal Server Error in 9ms

NoMethodError (undefined method `id' for nil:NilClass):
  app/controllers/tasks_controller.rb:76:in `set_task'


  Rendered c:/RailsInstaller/Ruby2.0.0/lib/ruby/gems/2.0.0/gems/actionpack-4.0.1/lib/action_dispatch/middleware/templates/rescues/_source.erb (2.0ms)
  Rendered c:/RailsInstaller/Ruby2.0.0/lib/ruby/gems/2.0.0/gems/actionpack-4.0.1/lib/action_dispatch/middleware/templates/rescues/_trace.erb (3.0ms)
  Rendered c:/RailsInstaller/Ruby2.0.0/lib/ruby/gems/2.0.0/gems/actionpack-4.0.1/lib/action_dispatch/middleware/templates/rescues/_request_and_response.erb (2.0ms)
  Rendered c:/RailsInstaller/Ruby2.0.0/lib/ruby/gems/2.0.0/gems/actionpack-4.0.1/lib/action_dispatch/middleware/templates/rescues/diagnostics.erb within rescues/layout (64.0ms)
  [1m[36mActiveRecord::SchemaMigration Load (0.0ms)[0m  [1mSELECT "schema_migrations".* FROM "schema_migrations"[0m
Migrating to CreateProjects (20131217122112)
  [1m[35m (0.0ms)[0m  begin transaction
  [1m[36m (2.0ms)[0m  [1mCREATE TABLE "projects" ("id" INTEGER PRIMARY KEY AUTOINCREMENT NOT NULL, "name" varchar(255), "created_at" datetime, "updated_at" datetime) [0m
  [1m[35mSQL (0.0ms)[0m  INSERT INTO "schema_migrations" ("version") VALUES (?)  [["version", "20131217122112"]]
  [1m[36m (10.0ms)[0m  [1mcommit transaction[0m
  [1m[35mActiveRecord::SchemaMigration Load (0.0ms)[0m  SELECT "schema_migrations".* FROM "schema_migrations"
  [1m[36mActiveRecord::SchemaMigration Load (0.0ms)[0m  [1mSELECT "schema_migrations".* FROM "schema_migrations"[0m
Migrating to AddProjectIdToTasks (20131217122319)
  [1m[35m (1.0ms)[0m  begin transaction
  [1m[36m (2.0ms)[0m  [1mALTER TABLE "tasks" ADD "project_id" integer[0m
  [1m[35m (1.0ms)[0m  CREATE INDEX "index_tasks_on_project_id" ON "tasks" ("project_id")
  [1m[36mSQL (1.0ms)[0m  [1mINSERT INTO "schema_migrations" ("version") VALUES (?)[0m  [["version", "20131217122319"]]
  [1m[35m (10.0ms)[0m  commit transaction
  [1m[36mActiveRecord::SchemaMigration Load (0.0ms)[0m  [1mSELECT "schema_migrations".* FROM "schema_migrations"[0m
  [1m[36m (10.0ms)[0m  [1mDROP TABLE "projects"[0m
  [1m[35m (7.0ms)[0m  CREATE TABLE "projects" ("id" INTEGER PRIMARY KEY AUTOINCREMENT NOT NULL, "name" varchar(255), "created_at" datetime, "updated_at" datetime) 
  [1m[36m (7.0ms)[0m  [1mDROP TABLE "tasks"[0m
  [1m[35m (7.0ms)[0m  CREATE TABLE "tasks" ("id" INTEGER PRIMARY KEY AUTOINCREMENT NOT NULL, "name" varchar(255), "deadline" date, "done" boolean, "duration" float, "created_at" datetime, "updated_at" datetime, "user_id" integer, "delegated_id" integer, "project_id" integer) 
  [1m[36m (7.0ms)[0m  [1mCREATE INDEX "index_tasks_on_delegated_id" ON "tasks" ("delegated_id")[0m
  [1m[35m (7.0ms)[0m  CREATE INDEX "index_tasks_on_project_id" ON "tasks" ("project_id")
  [1m[36m (8.0ms)[0m  [1mCREATE INDEX "index_tasks_on_user_id" ON "tasks" ("user_id")[0m
  [1m[35m (8.0ms)[0m  DROP TABLE "users"
  [1m[36m (7.0ms)[0m  [1mCREATE TABLE "users" ("id" INTEGER PRIMARY KEY AUTOINCREMENT NOT NULL, "email" varchar(255) DEFAULT '' NOT NULL, "encrypted_password" varchar(255) DEFAULT '' NOT NULL, "reset_password_token" varchar(255), "reset_password_sent_at" datetime, "remember_created_at" datetime, "sign_in_count" integer DEFAULT 0 NOT NULL, "current_sign_in_at" datetime, "last_sign_in_at" datetime, "current_sign_in_ip" varchar(255), "last_sign_in_ip" varchar(255), "created_at" datetime, "updated_at" datetime, "username" varchar(255)) [0m
  [1m[35m (8.0ms)[0m  CREATE UNIQUE INDEX "index_users_on_email" ON "users" ("email")
  [1m[36m (7.0ms)[0m  [1mCREATE UNIQUE INDEX "index_users_on_reset_password_token" ON "users" ("reset_password_token")[0m
  [1m[35m (0.0ms)[0m  SELECT version FROM "schema_migrations"
  [1m[36mActiveRecord::SchemaMigration Load (0.0ms)[0m  [1mSELECT "schema_migrations".* FROM "schema_migrations"[0m
  [1m[35m (0.0ms)[0m  begin transaction
  [1m[36mUser Exists (1.0ms)[0m  [1mSELECT 1 AS one FROM "users" WHERE "users"."username" = 'Alice' LIMIT 1[0m
  [1m[35mUser Exists (0.0ms)[0m  SELECT 1 AS one FROM "users" WHERE "users"."email" = 'alive@alice.com' LIMIT 1
Binary data inserted for `string` type on column `encrypted_password`
  [1m[36mSQL (5.0ms)[0m  [1mINSERT INTO "users" ("created_at", "email", "encrypted_password", "updated_at", "username") VALUES (?, ?, ?, ?, ?)[0m  [["created_at", Tue, 17 Dec 2013 12:25:12 UTC +00:00], ["email", "alive@alice.com"], ["encrypted_password", "$2a$10$bOsf9Tt8d3pTEq4ubjbZIu2.8liMCQCVtjEhtgnCZ2aK/3uMoDX4C"], ["updated_at", Tue, 17 Dec 2013 12:25:12 UTC +00:00], ["username", "Alice"]]
  [1m[35m (6.0ms)[0m  commit transaction
  [1m[36m (0.0ms)[0m  [1mbegin transaction[0m
  [1m[35mUser Exists (0.0ms)[0m  SELECT 1 AS one FROM "users" WHERE "users"."username" = 'Bob' LIMIT 1
  [1m[36mUser Exists (0.0ms)[0m  [1mSELECT 1 AS one FROM "users" WHERE "users"."email" = 'bob@bob.com' LIMIT 1[0m
Binary data inserted for `string` type on column `encrypted_password`
  [1m[35mSQL (2.0ms)[0m  INSERT INTO "users" ("created_at", "email", "encrypted_password", "updated_at", "username") VALUES (?, ?, ?, ?, ?)  [["created_at", Tue, 17 Dec 2013 12:25:12 UTC +00:00], ["email", "bob@bob.com"], ["encrypted_password", "$2a$10$fx41NCPAIIJZ.NuA8zmF2e5v1Zr338/k5G0Qu0Ukrgaz1hikgXLkK"], ["updated_at", Tue, 17 Dec 2013 12:25:12 UTC +00:00], ["username", "Bob"]]
  [1m[36m (8.0ms)[0m  [1mcommit transaction[0m
  [1m[35m (1.0ms)[0m  begin transaction
  [1m[36mProject Exists (0.0ms)[0m  [1mSELECT 1 AS one FROM "projects" WHERE "projects"."name" = 'Rails-Kurs' LIMIT 1[0m
  [1m[35mSQL (2.0ms)[0m  INSERT INTO "projects" ("created_at", "name", "updated_at") VALUES (?, ?, ?)  [["created_at", Tue, 17 Dec 2013 12:25:12 UTC +00:00], ["name", "Rails-Kurs"], ["updated_at", Tue, 17 Dec 2013 12:25:12 UTC +00:00]]
  [1m[36m (6.0ms)[0m  [1mcommit transaction[0m
  [1m[35m (0.0ms)[0m  begin transaction
  [1m[36mProject Exists (0.0ms)[0m  [1mSELECT 1 AS one FROM "projects" WHERE "projects"."name" = 'Startup' LIMIT 1[0m
  [1m[35mSQL (1.0ms)[0m  INSERT INTO "projects" ("created_at", "name", "updated_at") VALUES (?, ?, ?)  [["created_at", Tue, 17 Dec 2013 12:25:12 UTC +00:00], ["name", "Startup"], ["updated_at", Tue, 17 Dec 2013 12:25:12 UTC +00:00]]
  [1m[36m (5.0ms)[0m  [1mcommit transaction[0m
  [1m[35m (0.0ms)[0m  begin transaction
  [1m[36mSQL (2.0ms)[0m  [1mINSERT INTO "tasks" ("created_at", "deadline", "delegated_id", "done", "duration", "name", "project_id", "updated_at", "user_id") VALUES (?, ?, ?, ?, ?, ?, ?, ?, ?)[0m  [["created_at", Tue, 17 Dec 2013 12:25:12 UTC +00:00], ["deadline", Tue, 24 Dec 2013], ["delegated_id", 2], ["done", false], ["duration", 2.0], ["name", "Todo-Applikation"], ["project_id", 1], ["updated_at", Tue, 17 Dec 2013 12:25:12 UTC +00:00], ["user_id", 1]]
  [1m[35m (6.0ms)[0m  commit transaction
  [1m[36m (0.0ms)[0m  [1mbegin transaction[0m
  [1m[35mSQL (1.0ms)[0m  INSERT INTO "tasks" ("created_at", "deadline", "done", "duration", "name", "project_id", "updated_at", "user_id") VALUES (?, ?, ?, ?, ?, ?, ?, ?)  [["created_at", Tue, 17 Dec 2013 12:25:12 UTC +00:00], ["deadline", Fri, 27 Dec 2013], ["done", false], ["duration", 2.0], ["name", "Idee für eigene Web-Applikation"], ["project_id", 2], ["updated_at", Tue, 17 Dec 2013 12:25:12 UTC +00:00], ["user_id", 2]]
  [1m[36m (6.0ms)[0m  [1mcommit transaction[0m
  [1m[35m (0.0ms)[0m  begin transaction
  [1m[36mSQL (2.0ms)[0m  [1mINSERT INTO "tasks" ("created_at", "deadline", "delegated_id", "done", "duration", "name", "updated_at", "user_id") VALUES (?, ?, ?, ?, ?, ?, ?, ?)[0m  [["created_at", Tue, 17 Dec 2013 12:25:12 UTC +00:00], ["deadline", Sun, 15 Dec 2013], ["delegated_id", 2], ["done", false], ["duration", 3.0], ["name", "Rails for Zombies"], ["updated_at", Tue, 17 Dec 2013 12:25:12 UTC +00:00], ["user_id", 1]]
  [1m[35m (6.0ms)[0m  commit transaction
  [1m[36m (0.0ms)[0m  [1mbegin transaction[0m
  [1m[35mSQL (2.0ms)[0m  INSERT INTO "tasks" ("created_at", "deadline", "done", "duration", "name", "project_id", "updated_at", "user_id") VALUES (?, ?, ?, ?, ?, ?, ?, ?)  [["created_at", Tue, 17 Dec 2013 12:25:12 UTC +00:00], ["deadline", Fri, 13 Dec 2013], ["done", false], ["duration", 3.0], ["name", "Übung 6: Rails Account"], ["project_id", 1], ["updated_at", Tue, 17 Dec 2013 12:25:12 UTC +00:00], ["user_id", 2]]
  [1m[36m (6.0ms)[0m  [1mcommit transaction[0m
  [1m[35m (0.0ms)[0m  begin transaction
  [1m[36mSQL (2.0ms)[0m  [1mINSERT INTO "tasks" ("created_at", "deadline", "done", "duration", "name", "project_id", "updated_at", "user_id") VALUES (?, ?, ?, ?, ?, ?, ?, ?)[0m  [["created_at", Tue, 17 Dec 2013 12:25:12 UTC +00:00], ["deadline", Thu, 21 Nov 2013], ["done", true], ["duration", 4.0], ["name", "Übung 1: FizzBuzz"], ["project_id", 1], ["updated_at", Tue, 17 Dec 2013 12:25:12 UTC +00:00], ["user_id", 1]]
  [1m[35m (6.0ms)[0m  commit transaction
  [1m[36m (0.0ms)[0m  [1mbegin transaction[0m
  [1m[35mSQL (2.0ms)[0m  INSERT INTO "tasks" ("created_at", "deadline", "delegated_id", "done", "duration", "name", "updated_at", "user_id") VALUES (?, ?, ?, ?, ?, ?, ?, ?)  [["created_at", Tue, 17 Dec 2013 12:25:12 UTC +00:00], ["deadline", Wed, 27 Nov 2013], ["delegated_id", 1], ["done", true], ["duration", 5.0], ["name", "Übung 2: Ruby Konto"], ["updated_at", Tue, 17 Dec 2013 12:25:12 UTC +00:00], ["user_id", 2]]
  [1m[36m (6.0ms)[0m  [1mcommit transaction[0m


Started GET "/" for 127.0.0.1 at 2013-12-17 14:37:25 +0100
  [1m[36mActiveRecord::SchemaMigration Load (1.0ms)[0m  [1mSELECT "schema_migrations".* FROM "schema_migrations"[0m
Processing by TasksController#index as HTML
  [1m[35m (0.0ms)[0m  SELECT COUNT(*) FROM "tasks" WHERE "tasks"."done" = 'f'
  [1m[36m (0.0ms)[0m  [1mSELECT SUM("tasks"."duration") AS sum_id FROM "tasks" WHERE "tasks"."done" = 'f'[0m
  [1m[35mTask Load (0.0ms)[0m  SELECT "tasks".* FROM "tasks" WHERE "tasks"."done" = 'f' ORDER BY "tasks"."updated_at" DESC
  [1m[36mUser Load (1.0ms)[0m  [1mSELECT "users".* FROM "users" WHERE "users"."id" = ? ORDER BY "users"."id" ASC LIMIT 1[0m  [["id", 2]]
  [1m[35mUser Load (0.0ms)[0m  SELECT "users".* FROM "users" WHERE "users"."id" = ? ORDER BY "users"."id" ASC LIMIT 1  [["id", 1]]
  [1m[36mCACHE (0.0ms)[0m  [1mSELECT "users".* FROM "users" WHERE "users"."id" = ? ORDER BY "users"."id" ASC LIMIT 1[0m  [["id", 2]]
  [1m[35mCACHE (0.0ms)[0m  SELECT "users".* FROM "users" WHERE "users"."id" = ? ORDER BY "users"."id" ASC LIMIT 1  [["id", 1]]
  Rendered tasks/_table.html.erb (137.0ms)
  [1m[36m (0.0ms)[0m  [1mSELECT COUNT(*) FROM "tasks" WHERE "tasks"."done" = 't'[0m
  [1m[35m (1.0ms)[0m  SELECT SUM("tasks"."duration") AS sum_id FROM "tasks" WHERE "tasks"."done" = 't'
  [1m[36mTask Load (0.0ms)[0m  [1mSELECT "tasks".* FROM "tasks" WHERE "tasks"."done" = 't' ORDER BY "tasks"."created_at" DESC[0m
  [1m[35mCACHE (0.0ms)[0m  SELECT "users".* FROM "users" WHERE "users"."id" = ? ORDER BY "users"."id" ASC LIMIT 1  [["id", 2]]
  [1m[36mCACHE (0.0ms)[0m  [1mSELECT "users".* FROM "users" WHERE "users"."id" = ? ORDER BY "users"."id" ASC LIMIT 1[0m  [["id", 1]]
  Rendered tasks/_table.html.erb (21.0ms)
  Rendered tasks/index.html.erb within layouts/application (203.0ms)
  Rendered layouts/_navigation.html.erb (18.0ms)
  Rendered layouts/_messages.html.erb (33.0ms)
Completed 200 OK in 4540ms (Views: 4470.3ms | ActiveRecord: 4.0ms)


Started GET "/assets/datepicker.css?body=1" for 127.0.0.1 at 2013-12-17 14:37:30 +0100


Started GET "/assets/bootstrap-theme.min.css?body=1" for 127.0.0.1 at 2013-12-17 14:37:30 +0100


Started GET "/assets/projects.css?body=1" for 127.0.0.1 at 2013-12-17 14:37:30 +0100


Started GET "/assets/bootstrap.min.css?body=1" for 127.0.0.1 at 2013-12-17 14:37:30 +0100


Started GET "/assets/application.css?body=1" for 127.0.0.1 at 2013-12-17 14:37:30 +0100


Started GET "/assets/tasks.css?body=1" for 127.0.0.1 at 2013-12-17 14:37:30 +0100


Started GET "/assets/jquery.js?body=1" for 127.0.0.1 at 2013-12-17 14:37:30 +0100


Started GET "/assets/jquery_ujs.js?body=1" for 127.0.0.1 at 2013-12-17 14:37:30 +0100


Started GET "/assets/bootstrap.min.js?body=1" for 127.0.0.1 at 2013-12-17 14:37:30 +0100


Started GET "/assets/bootstrap-datepicker.js?body=1" for 127.0.0.1 at 2013-12-17 14:37:30 +0100


Started GET "/assets/projects.js?body=1" for 127.0.0.1 at 2013-12-17 14:37:30 +0100


Started GET "/assets/turbolinks.js?body=1" for 127.0.0.1 at 2013-12-17 14:37:30 +0100


Started GET "/assets/application.js?body=1" for 127.0.0.1 at 2013-12-17 14:37:30 +0100


Started GET "/assets/tasks.js?body=1" for 127.0.0.1 at 2013-12-17 14:37:30 +0100


Started GET "/projects" for 127.0.0.1 at 2013-12-17 14:37:33 +0100
Processing by ProjectsController#index as HTML
Completed 401 Unauthorized in 4ms


Started GET "/users/sign_in" for 127.0.0.1 at 2013-12-17 14:37:33 +0100
Processing by Devise::SessionsController#new as HTML
  Rendered devise/shared/_links.erb (3.0ms)
  Rendered devise/sessions/new.html.erb within layouts/application (34.0ms)
  Rendered layouts/_navigation.html.erb (1.0ms)
  Rendered layouts/_messages.html.erb (0.0ms)
Completed 200 OK in 75ms (Views: 67.0ms | ActiveRecord: 0.0ms)


Started GET "/tasks" for 127.0.0.1 at 2013-12-17 14:37:34 +0100
Processing by TasksController#index as HTML
  [1m[35m (1.0ms)[0m  SELECT COUNT(*) FROM "tasks" WHERE "tasks"."done" = 'f'
  [1m[36m (1.0ms)[0m  [1mSELECT SUM("tasks"."duration") AS sum_id FROM "tasks" WHERE "tasks"."done" = 'f'[0m
  [1m[35mTask Load (1.0ms)[0m  SELECT "tasks".* FROM "tasks" WHERE "tasks"."done" = 'f' ORDER BY "tasks"."updated_at" DESC
  [1m[36mUser Load (0.0ms)[0m  [1mSELECT "users".* FROM "users" WHERE "users"."id" = ? ORDER BY "users"."id" ASC LIMIT 1[0m  [["id", 2]]
  [1m[35mUser Load (0.0ms)[0m  SELECT "users".* FROM "users" WHERE "users"."id" = ? ORDER BY "users"."id" ASC LIMIT 1  [["id", 1]]
  [1m[36mCACHE (0.0ms)[0m  [1mSELECT "users".* FROM "users" WHERE "users"."id" = ? ORDER BY "users"."id" ASC LIMIT 1[0m  [["id", 2]]
  [1m[35mCACHE (0.0ms)[0m  SELECT "users".* FROM "users" WHERE "users"."id" = ? ORDER BY "users"."id" ASC LIMIT 1  [["id", 1]]
  Rendered tasks/_table.html.erb (42.0ms)
  [1m[36m (0.0ms)[0m  [1mSELECT COUNT(*) FROM "tasks" WHERE "tasks"."done" = 't'[0m
  [1m[35m (1.0ms)[0m  SELECT SUM("tasks"."duration") AS sum_id FROM "tasks" WHERE "tasks"."done" = 't'
  [1m[36mTask Load (0.0ms)[0m  [1mSELECT "tasks".* FROM "tasks" WHERE "tasks"."done" = 't' ORDER BY "tasks"."created_at" DESC[0m
  [1m[35mCACHE (0.0ms)[0m  SELECT "users".* FROM "users" WHERE "users"."id" = ? ORDER BY "users"."id" ASC LIMIT 1  [["id", 2]]
  [1m[36mCACHE (0.0ms)[0m  [1mSELECT "users".* FROM "users" WHERE "users"."id" = ? ORDER BY "users"."id" ASC LIMIT 1[0m  [["id", 1]]
  Rendered tasks/_table.html.erb (26.0ms)
  Rendered tasks/index.html.erb within layouts/application (103.0ms)
  Rendered layouts/_navigation.html.erb (3.0ms)
  Rendered layouts/_messages.html.erb (1.0ms)
Completed 200 OK in 141ms (Views: 134.0ms | ActiveRecord: 4.0ms)


Started GET "/projects" for 127.0.0.1 at 2013-12-17 14:37:35 +0100
Processing by ProjectsController#index as HTML
Completed 401 Unauthorized in 2ms


Started GET "/users/sign_in" for 127.0.0.1 at 2013-12-17 14:37:35 +0100
Processing by Devise::SessionsController#new as HTML
  Rendered devise/shared/_links.erb (1.0ms)
  Rendered devise/sessions/new.html.erb within layouts/application (9.0ms)
  Rendered layouts/_navigation.html.erb (2.0ms)
  Rendered layouts/_messages.html.erb (1.0ms)
Completed 200 OK in 47ms (Views: 43.0ms | ActiveRecord: 0.0ms)


Started GET "/tasks" for 127.0.0.1 at 2013-12-17 14:37:35 +0100
Processing by TasksController#index as HTML
  [1m[35m (0.0ms)[0m  SELECT COUNT(*) FROM "tasks" WHERE "tasks"."done" = 'f'
  [1m[36m (0.0ms)[0m  [1mSELECT SUM("tasks"."duration") AS sum_id FROM "tasks" WHERE "tasks"."done" = 'f'[0m
  [1m[35mTask Load (1.0ms)[0m  SELECT "tasks".* FROM "tasks" WHERE "tasks"."done" = 'f' ORDER BY "tasks"."updated_at" DESC
  [1m[36mUser Load (0.0ms)[0m  [1mSELECT "users".* FROM "users" WHERE "users"."id" = ? ORDER BY "users"."id" ASC LIMIT 1[0m  [["id", 2]]
  [1m[35mUser Load (0.0ms)[0m  SELECT "users".* FROM "users" WHERE "users"."id" = ? ORDER BY "users"."id" ASC LIMIT 1  [["id", 1]]
  [1m[36mCACHE (0.0ms)[0m  [1mSELECT "users".* FROM "users" WHERE "users"."id" = ? ORDER BY "users"."id" ASC LIMIT 1[0m  [["id", 2]]
  [1m[35mCACHE (0.0ms)[0m  SELECT "users".* FROM "users" WHERE "users"."id" = ? ORDER BY "users"."id" ASC LIMIT 1  [["id", 1]]
  Rendered tasks/_table.html.erb (39.0ms)
  [1m[36m (1.0ms)[0m  [1mSELECT COUNT(*) FROM "tasks" WHERE "tasks"."done" = 't'[0m
  [1m[35m (0.0ms)[0m  SELECT SUM("tasks"."duration") AS sum_id FROM "tasks" WHERE "tasks"."done" = 't'
  [1m[36mTask Load (1.0ms)[0m  [1mSELECT "tasks".* FROM "tasks" WHERE "tasks"."done" = 't' ORDER BY "tasks"."created_at" DESC[0m
  [1m[35mCACHE (0.0ms)[0m  SELECT "users".* FROM "users" WHERE "users"."id" = ? ORDER BY "users"."id" ASC LIMIT 1  [["id", 2]]
  [1m[36mCACHE (0.0ms)[0m  [1mSELECT "users".* FROM "users" WHERE "users"."id" = ? ORDER BY "users"."id" ASC LIMIT 1[0m  [["id", 1]]
  Rendered tasks/_table.html.erb (24.0ms)
  Rendered tasks/index.html.erb within layouts/application (94.0ms)
  Rendered layouts/_navigation.html.erb (1.0ms)
  Rendered layouts/_messages.html.erb (0.0ms)
Completed 200 OK in 125ms (Views: 119.0ms | ActiveRecord: 3.0ms)


Started GET "/projects" for 127.0.0.1 at 2013-12-17 14:59:36 +0100
Processing by ProjectsController#index as HTML
Completed 401 Unauthorized in 12ms


Started GET "/users/sign_in" for 127.0.0.1 at 2013-12-17 14:59:36 +0100
Processing by Devise::SessionsController#new as HTML
  Rendered devise/shared/_links.erb (1.0ms)
  Rendered devise/sessions/new.html.erb within layouts/application (9.0ms)
  Rendered layouts/_navigation.html.erb (2.0ms)
  Rendered layouts/_messages.html.erb (0.0ms)
Completed 200 OK in 597ms (Views: 533.0ms | ActiveRecord: 2.0ms)


Started POST "/users/sign_in" for 127.0.0.1 at 2013-12-17 15:00:06 +0100
Processing by Devise::SessionsController#create as HTML
  Parameters: {"utf8"=>"✓", "authenticity_token"=>"vLsq1dNvwm7HoUYTqg1bssb8NBisOhFNz120dS8UKMo=", "user"=>{"email"=>"Alice@alice.com", "password"=>"[FILTERED]", "remember_me"=>"0"}, "commit"=>"Sign in"}
  [1m[35mUser Load (0.0ms)[0m  SELECT "users".* FROM "users" WHERE "users"."email" = 'alice@alice.com' ORDER BY "users"."id" ASC LIMIT 1
Completed 401 Unauthorized in 19ms
Processing by Devise::SessionsController#new as HTML
  Parameters: {"utf8"=>"✓", "authenticity_token"=>"vLsq1dNvwm7HoUYTqg1bssb8NBisOhFNz120dS8UKMo=", "user"=>{"email"=>"Alice@alice.com", "password"=>"[FILTERED]", "remember_me"=>"0"}, "commit"=>"Sign in"}
  Rendered devise/shared/_links.erb (1.0ms)
  Rendered devise/sessions/new.html.erb within layouts/application (9.0ms)
  Rendered layouts/_navigation.html.erb (1.0ms)
  Rendered layouts/_messages.html.erb (0.0ms)
Completed 200 OK in 240ms (Views: 38.0ms | ActiveRecord: 0.0ms)


Started GET "/assets/bootstrap.min.css?body=1" for 127.0.0.1 at 2013-12-17 15:00:07 +0100


Started GET "/assets/bootstrap-theme.min.css?body=1" for 127.0.0.1 at 2013-12-17 15:00:07 +0100


Started GET "/assets/datepicker.css?body=1" for 127.0.0.1 at 2013-12-17 15:00:07 +0100


Started GET "/assets/application.css?body=1" for 127.0.0.1 at 2013-12-17 15:00:07 +0100


Started GET "/assets/projects.css?body=1" for 127.0.0.1 at 2013-12-17 15:00:07 +0100


Started GET "/assets/tasks.css?body=1" for 127.0.0.1 at 2013-12-17 15:00:07 +0100


Started GET "/assets/jquery.js?body=1" for 127.0.0.1 at 2013-12-17 15:00:07 +0100


Started GET "/assets/jquery_ujs.js?body=1" for 127.0.0.1 at 2013-12-17 15:00:07 +0100


Started GET "/assets/bootstrap.min.js?body=1" for 127.0.0.1 at 2013-12-17 15:00:07 +0100


Started GET "/assets/bootstrap-datepicker.js?body=1" for 127.0.0.1 at 2013-12-17 15:00:07 +0100


Started GET "/assets/tasks.js?body=1" for 127.0.0.1 at 2013-12-17 15:00:07 +0100


Started GET "/assets/application.js?body=1" for 127.0.0.1 at 2013-12-17 15:00:07 +0100


Started GET "/assets/turbolinks.js?body=1" for 127.0.0.1 at 2013-12-17 15:00:07 +0100


Started GET "/assets/projects.js?body=1" for 127.0.0.1 at 2013-12-17 15:00:07 +0100


Started POST "/users/sign_in" for 127.0.0.1 at 2013-12-17 15:00:19 +0100
Processing by Devise::SessionsController#create as HTML
  Parameters: {"utf8"=>"✓", "authenticity_token"=>"vLsq1dNvwm7HoUYTqg1bssb8NBisOhFNz120dS8UKMo=", "user"=>{"email"=>"Alive@alice.com", "password"=>"[FILTERED]", "remember_me"=>"0"}, "commit"=>"Sign in"}
  [1m[36mUser Load (0.0ms)[0m  [1mSELECT "users".* FROM "users" WHERE "users"."email" = 'alive@alice.com' ORDER BY "users"."id" ASC LIMIT 1[0m
Completed 401 Unauthorized in 213ms
Processing by Devise::SessionsController#new as HTML
  Parameters: {"utf8"=>"✓", "authenticity_token"=>"vLsq1dNvwm7HoUYTqg1bssb8NBisOhFNz120dS8UKMo=", "user"=>{"email"=>"Alive@alice.com", "password"=>"[FILTERED]", "remember_me"=>"0"}, "commit"=>"Sign in"}
  Rendered devise/shared/_links.erb (1.0ms)
  Rendered devise/sessions/new.html.erb within layouts/application (9.0ms)
  Rendered layouts/_navigation.html.erb (1.0ms)
  Rendered layouts/_messages.html.erb (0.0ms)
Completed 200 OK in 239ms (Views: 35.0ms | ActiveRecord: 0.0ms)


Started GET "/assets/datepicker.css?body=1" for 127.0.0.1 at 2013-12-17 15:00:19 +0100


Started GET "/assets/projects.css?body=1" for 127.0.0.1 at 2013-12-17 15:00:19 +0100


Started GET "/assets/application.css?body=1" for 127.0.0.1 at 2013-12-17 15:00:19 +0100


Started GET "/assets/bootstrap-theme.min.css?body=1" for 127.0.0.1 at 2013-12-17 15:00:19 +0100


Started GET "/assets/bootstrap.min.css?body=1" for 127.0.0.1 at 2013-12-17 15:00:20 +0100


Started GET "/assets/tasks.css?body=1" for 127.0.0.1 at 2013-12-17 15:00:20 +0100


Started GET "/assets/jquery.js?body=1" for 127.0.0.1 at 2013-12-17 15:00:20 +0100


Started GET "/assets/jquery_ujs.js?body=1" for 127.0.0.1 at 2013-12-17 15:00:20 +0100


Started GET "/assets/bootstrap.min.js?body=1" for 127.0.0.1 at 2013-12-17 15:00:20 +0100


Started GET "/assets/bootstrap-datepicker.js?body=1" for 127.0.0.1 at 2013-12-17 15:00:20 +0100


Started GET "/assets/turbolinks.js?body=1" for 127.0.0.1 at 2013-12-17 15:00:20 +0100


Started GET "/assets/tasks.js?body=1" for 127.0.0.1 at 2013-12-17 15:00:20 +0100


Started GET "/assets/application.js?body=1" for 127.0.0.1 at 2013-12-17 15:00:20 +0100


Started POST "/users/sign_in" for 127.0.0.1 at 2013-12-17 15:00:24 +0100
Processing by Devise::SessionsController#create as HTML
  Parameters: {"utf8"=>"✓", "authenticity_token"=>"vLsq1dNvwm7HoUYTqg1bssb8NBisOhFNz120dS8UKMo=", "user"=>{"email"=>"Alive@alice.com", "password"=>"[FILTERED]", "remember_me"=>"0"}, "commit"=>"Sign in"}
  [1m[35mUser Load (1.0ms)[0m  SELECT "users".* FROM "users" WHERE "users"."email" = 'alive@alice.com' ORDER BY "users"."id" ASC LIMIT 1
  [1m[36m (0.0ms)[0m  [1mbegin transaction[0m
Binary data inserted for `string` type on column `last_sign_in_ip`
Binary data inserted for `string` type on column `current_sign_in_ip`
  [1m[35mSQL (9.0ms)[0m  UPDATE "users" SET "last_sign_in_at" = ?, "current_sign_in_at" = ?, "last_sign_in_ip" = ?, "current_sign_in_ip" = ?, "sign_in_count" = ?, "updated_at" = ? WHERE "users"."id" = 1  [["last_sign_in_at", Tue, 17 Dec 2013 14:00:24 UTC +00:00], ["current_sign_in_at", Tue, 17 Dec 2013 14:00:24 UTC +00:00], ["last_sign_in_ip", "127.0.0.1"], ["current_sign_in_ip", "127.0.0.1"], ["sign_in_count", 1], ["updated_at", Tue, 17 Dec 2013 14:00:24 UTC +00:00]]
  [1m[36m (9.0ms)[0m  [1mcommit transaction[0m
Redirected to http://localhost:3000/projects
Completed 302 Found in 259ms (ActiveRecord: 19.0ms)


Started GET "/projects" for 127.0.0.1 at 2013-12-17 15:00:24 +0100
Processing by ProjectsController#index as HTML
  [1m[35mUser Load (1.0ms)[0m  SELECT "users".* FROM "users" WHERE "users"."id" = 1 ORDER BY "users"."id" ASC LIMIT 1
  [1m[36mProject Load (1.0ms)[0m  [1mSELECT "projects".* FROM "projects"[0m
  Rendered projects/_project.html.erb (3.0ms)
  Rendered projects/index.html.erb within layouts/application (22.0ms)
  Rendered layouts/_navigation.html.erb (2.0ms)
  Rendered layouts/_messages.html.erb (1.0ms)
Completed 200 OK in 68ms (Views: 51.0ms | ActiveRecord: 3.0ms)


Started GET "/assets/bootstrap.min.css?body=1" for 127.0.0.1 at 2013-12-17 15:00:24 +0100


Started GET "/assets/projects.css?body=1" for 127.0.0.1 at 2013-12-17 15:00:24 +0100


Started GET "/assets/tasks.css?body=1" for 127.0.0.1 at 2013-12-17 15:00:24 +0100


Started GET "/assets/application.css?body=1" for 127.0.0.1 at 2013-12-17 15:00:24 +0100


Started GET "/assets/datepicker.css?body=1" for 127.0.0.1 at 2013-12-17 15:00:24 +0100


Started GET "/assets/bootstrap-theme.min.css?body=1" for 127.0.0.1 at 2013-12-17 15:00:24 +0100


Started GET "/assets/jquery.js?body=1" for 127.0.0.1 at 2013-12-17 15:00:24 +0100


Started GET "/assets/jquery_ujs.js?body=1" for 127.0.0.1 at 2013-12-17 15:00:24 +0100


Started GET "/assets/bootstrap.min.js?body=1" for 127.0.0.1 at 2013-12-17 15:00:24 +0100


Started GET "/assets/bootstrap-datepicker.js?body=1" for 127.0.0.1 at 2013-12-17 15:00:24 +0100


Started GET "/assets/turbolinks.js?body=1" for 127.0.0.1 at 2013-12-17 15:00:24 +0100


Started GET "/assets/projects.js?body=1" for 127.0.0.1 at 2013-12-17 15:00:24 +0100


Started GET "/assets/tasks.js?body=1" for 127.0.0.1 at 2013-12-17 15:00:24 +0100


Started GET "/assets/application.js?body=1" for 127.0.0.1 at 2013-12-17 15:00:24 +0100


Started GET "/projects" for 127.0.0.1 at 2013-12-17 15:00:26 +0100
Processing by ProjectsController#index as HTML
  [1m[35mUser Load (1.0ms)[0m  SELECT "users".* FROM "users" WHERE "users"."id" = 1 ORDER BY "users"."id" ASC LIMIT 1
  [1m[36mProject Load (0.0ms)[0m  [1mSELECT "projects".* FROM "projects"[0m
  Rendered projects/_project.html.erb (3.0ms)
  Rendered projects/index.html.erb within layouts/application (12.0ms)
  Rendered layouts/_navigation.html.erb (1.0ms)
  Rendered layouts/_messages.html.erb (0.0ms)
Completed 200 OK in 44ms (Views: 39.0ms | ActiveRecord: 1.0ms)


Started GET "/projects/new" for 127.0.0.1 at 2013-12-17 15:00:27 +0100
Processing by ProjectsController#new as JS
  [1m[35mUser Load (0.0ms)[0m  SELECT "users".* FROM "users" WHERE "users"."id" = 1 ORDER BY "users"."id" ASC LIMIT 1
  Rendered projects/_form.html.erb (3.0ms)
  Rendered projects/new.js.erb (19.0ms)
Completed 200 OK in 51ms (Views: 44.0ms | ActiveRecord: 0.0ms)


Started GET "/projects" for 127.0.0.1 at 2013-12-17 15:04:41 +0100
Processing by ProjectsController#index as HTML
  [1m[36mUser Load (1.0ms)[0m  [1mSELECT "users".* FROM "users" WHERE "users"."id" = 1 ORDER BY "users"."id" ASC LIMIT 1[0m
  [1m[35mProject Load (0.0ms)[0m  SELECT "projects".* FROM "projects"
  Rendered projects/_project.html.erb (1.0ms)
  Rendered projects/index.html.erb within layouts/application (8.0ms)
  Rendered layouts/_navigation.html.erb (1.0ms)
  Rendered layouts/_messages.html.erb (0.0ms)
Completed 200 OK in 40ms (Views: 34.0ms | ActiveRecord: 1.0ms)


Started GET "/assets/projects.css?body=1" for 127.0.0.1 at 2013-12-17 15:04:41 +0100


Started GET "/assets/datepicker.css?body=1" for 127.0.0.1 at 2013-12-17 15:04:41 +0100


Started GET "/assets/application.css?body=1" for 127.0.0.1 at 2013-12-17 15:04:41 +0100


Started GET "/assets/bootstrap-theme.min.css?body=1" for 127.0.0.1 at 2013-12-17 15:04:41 +0100


Started GET "/assets/tasks.css?body=1" for 127.0.0.1 at 2013-12-17 15:04:41 +0100


Started GET "/assets/bootstrap.min.css?body=1" for 127.0.0.1 at 2013-12-17 15:04:41 +0100


Started GET "/assets/jquery.js?body=1" for 127.0.0.1 at 2013-12-17 15:04:41 +0100


Started GET "/assets/jquery_ujs.js?body=1" for 127.0.0.1 at 2013-12-17 15:04:41 +0100


Started GET "/assets/bootstrap.min.js?body=1" for 127.0.0.1 at 2013-12-17 15:04:41 +0100


Started GET "/assets/bootstrap-datepicker.js?body=1" for 127.0.0.1 at 2013-12-17 15:04:41 +0100


Started GET "/assets/turbolinks.js?body=1" for 127.0.0.1 at 2013-12-17 15:04:41 +0100


Started GET "/assets/projects.js?body=1" for 127.0.0.1 at 2013-12-17 15:04:41 +0100


Started GET "/assets/tasks.js?body=1" for 127.0.0.1 at 2013-12-17 15:04:41 +0100


Started GET "/assets/application.js?body=1" for 127.0.0.1 at 2013-12-17 15:04:41 +0100


Started GET "/projects/new" for 127.0.0.1 at 2013-12-17 15:04:42 +0100
Processing by ProjectsController#new as JS
  [1m[36mUser Load (0.0ms)[0m  [1mSELECT "users".* FROM "users" WHERE "users"."id" = 1 ORDER BY "users"."id" ASC LIMIT 1[0m
  Rendered projects/_form.html.erb (3.0ms)
  Rendered projects/new.js.erb (19.0ms)
Completed 200 OK in 48ms (Views: 43.0ms | ActiveRecord: 0.0ms)


Started POST "/projects" for 127.0.0.1 at 2013-12-17 15:04:55 +0100

AbstractController::ActionNotFound (The action 'create' could not be found for ProjectsController):
  actionpack (4.0.1) lib/abstract_controller/base.rb:131:in `process'
  actionpack (4.0.1) lib/abstract_controller/rendering.rb:44:in `process'
  actionpack (4.0.1) lib/action_controller/metal.rb:195:in `dispatch'
  actionpack (4.0.1) lib/action_controller/metal/rack_delegation.rb:13:in `dispatch'
  actionpack (4.0.1) lib/action_controller/metal.rb:231:in `block in action'
  actionpack (4.0.1) lib/action_dispatch/routing/route_set.rb:80:in `call'
  actionpack (4.0.1) lib/action_dispatch/routing/route_set.rb:80:in `dispatch'
  actionpack (4.0.1) lib/action_dispatch/routing/route_set.rb:48:in `call'
  actionpack (4.0.1) lib/action_dispatch/journey/router.rb:71:in `block in call'
  actionpack (4.0.1) lib/action_dispatch/journey/router.rb:59:in `each'
  actionpack (4.0.1) lib/action_dispatch/journey/router.rb:59:in `call'
  actionpack (4.0.1) lib/action_dispatch/routing/route_set.rb:680:in `call'
  warden (1.2.3) lib/warden/manager.rb:35:in `block in call'
  warden (1.2.3) lib/warden/manager.rb:34:in `catch'
  warden (1.2.3) lib/warden/manager.rb:34:in `call'
  rack (1.5.2) lib/rack/etag.rb:23:in `call'
  rack (1.5.2) lib/rack/conditionalget.rb:35:in `call'
  rack (1.5.2) lib/rack/head.rb:11:in `call'
  actionpack (4.0.1) lib/action_dispatch/middleware/params_parser.rb:27:in `call'
  actionpack (4.0.1) lib/action_dispatch/middleware/flash.rb:241:in `call'
  rack (1.5.2) lib/rack/session/abstract/id.rb:225:in `context'
  rack (1.5.2) lib/rack/session/abstract/id.rb:220:in `call'
  actionpack (4.0.1) lib/action_dispatch/middleware/cookies.rb:486:in `call'
  activerecord (4.0.1) lib/active_record/query_cache.rb:36:in `call'
  activerecord (4.0.1) lib/active_record/connection_adapters/abstract/connection_pool.rb:626:in `call'
  activerecord (4.0.1) lib/active_record/migration.rb:369:in `call'
  actionpack (4.0.1) lib/action_dispatch/middleware/callbacks.rb:29:in `block in call'
  activesupport (4.0.1) lib/active_support/callbacks.rb:373:in `_run__1010690026__call__callbacks'
  activesupport (4.0.1) lib/active_support/callbacks.rb:80:in `run_callbacks'
  actionpack (4.0.1) lib/action_dispatch/middleware/callbacks.rb:27:in `call'
  actionpack (4.0.1) lib/action_dispatch/middleware/reloader.rb:64:in `call'
  actionpack (4.0.1) lib/action_dispatch/middleware/remote_ip.rb:76:in `call'
  actionpack (4.0.1) lib/action_dispatch/middleware/debug_exceptions.rb:17:in `call'
  actionpack (4.0.1) lib/action_dispatch/middleware/show_exceptions.rb:30:in `call'
  railties (4.0.1) lib/rails/rack/logger.rb:38:in `call_app'
  railties (4.0.1) lib/rails/rack/logger.rb:20:in `block in call'
  activesupport (4.0.1) lib/active_support/tagged_logging.rb:67:in `block in tagged'
  activesupport (4.0.1) lib/active_support/tagged_logging.rb:25:in `tagged'
  activesupport (4.0.1) lib/active_support/tagged_logging.rb:67:in `tagged'
  railties (4.0.1) lib/rails/rack/logger.rb:20:in `call'
  actionpack (4.0.1) lib/action_dispatch/middleware/request_id.rb:21:in `call'
  rack (1.5.2) lib/rack/methodoverride.rb:21:in `call'
  rack (1.5.2) lib/rack/runtime.rb:17:in `call'
  activesupport (4.0.1) lib/active_support/cache/strategy/local_cache.rb:83:in `call'
  rack (1.5.2) lib/rack/lock.rb:17:in `call'
  actionpack (4.0.1) lib/action_dispatch/middleware/static.rb:64:in `call'
  rack (1.5.2) lib/rack/sendfile.rb:112:in `call'
  railties (4.0.1) lib/rails/engine.rb:511:in `call'
  railties (4.0.1) lib/rails/application.rb:97:in `call'
  rack (1.5.2) lib/rack/lock.rb:17:in `call'
  rack (1.5.2) lib/rack/content_length.rb:14:in `call'
  rack (1.5.2) lib/rack/handler/webrick.rb:60:in `service'
  C:/RailsInstaller/Ruby2.0.0/lib/ruby/2.0.0/webrick/httpserver.rb:138:in `service'
  C:/RailsInstaller/Ruby2.0.0/lib/ruby/2.0.0/webrick/httpserver.rb:94:in `run'
  C:/RailsInstaller/Ruby2.0.0/lib/ruby/2.0.0/webrick/server.rb:295:in `block in start_thread'


  Rendered C:/RailsInstaller/Ruby2.0.0/lib/ruby/gems/2.0.0/gems/actionpack-4.0.1/lib/action_dispatch/middleware/templates/rescues/unknown_action.erb within rescues/layout (1.0ms)


Started POST "/projects" for 127.0.0.1 at 2013-12-17 15:04:56 +0100

AbstractController::ActionNotFound (The action 'create' could not be found for ProjectsController):
  actionpack (4.0.1) lib/abstract_controller/base.rb:131:in `process'
  actionpack (4.0.1) lib/abstract_controller/rendering.rb:44:in `process'
  actionpack (4.0.1) lib/action_controller/metal.rb:195:in `dispatch'
  actionpack (4.0.1) lib/action_controller/metal/rack_delegation.rb:13:in `dispatch'
  actionpack (4.0.1) lib/action_controller/metal.rb:231:in `block in action'
  actionpack (4.0.1) lib/action_dispatch/routing/route_set.rb:80:in `call'
  actionpack (4.0.1) lib/action_dispatch/routing/route_set.rb:80:in `dispatch'
  actionpack (4.0.1) lib/action_dispatch/routing/route_set.rb:48:in `call'
  actionpack (4.0.1) lib/action_dispatch/journey/router.rb:71:in `block in call'
  actionpack (4.0.1) lib/action_dispatch/journey/router.rb:59:in `each'
  actionpack (4.0.1) lib/action_dispatch/journey/router.rb:59:in `call'
  actionpack (4.0.1) lib/action_dispatch/routing/route_set.rb:680:in `call'
  warden (1.2.3) lib/warden/manager.rb:35:in `block in call'
  warden (1.2.3) lib/warden/manager.rb:34:in `catch'
  warden (1.2.3) lib/warden/manager.rb:34:in `call'
  rack (1.5.2) lib/rack/etag.rb:23:in `call'
  rack (1.5.2) lib/rack/conditionalget.rb:35:in `call'
  rack (1.5.2) lib/rack/head.rb:11:in `call'
  actionpack (4.0.1) lib/action_dispatch/middleware/params_parser.rb:27:in `call'
  actionpack (4.0.1) lib/action_dispatch/middleware/flash.rb:241:in `call'
  rack (1.5.2) lib/rack/session/abstract/id.rb:225:in `context'
  rack (1.5.2) lib/rack/session/abstract/id.rb:220:in `call'
  actionpack (4.0.1) lib/action_dispatch/middleware/cookies.rb:486:in `call'
  activerecord (4.0.1) lib/active_record/query_cache.rb:36:in `call'
  activerecord (4.0.1) lib/active_record/connection_adapters/abstract/connection_pool.rb:626:in `call'
  activerecord (4.0.1) lib/active_record/migration.rb:369:in `call'
  actionpack (4.0.1) lib/action_dispatch/middleware/callbacks.rb:29:in `block in call'
  activesupport (4.0.1) lib/active_support/callbacks.rb:373:in `_run__1010690026__call__callbacks'
  activesupport (4.0.1) lib/active_support/callbacks.rb:80:in `run_callbacks'
  actionpack (4.0.1) lib/action_dispatch/middleware/callbacks.rb:27:in `call'
  actionpack (4.0.1) lib/action_dispatch/middleware/reloader.rb:64:in `call'
  actionpack (4.0.1) lib/action_dispatch/middleware/remote_ip.rb:76:in `call'
  actionpack (4.0.1) lib/action_dispatch/middleware/debug_exceptions.rb:17:in `call'
  actionpack (4.0.1) lib/action_dispatch/middleware/show_exceptions.rb:30:in `call'
  railties (4.0.1) lib/rails/rack/logger.rb:38:in `call_app'
  railties (4.0.1) lib/rails/rack/logger.rb:20:in `block in call'
  activesupport (4.0.1) lib/active_support/tagged_logging.rb:67:in `block in tagged'
  activesupport (4.0.1) lib/active_support/tagged_logging.rb:25:in `tagged'
  activesupport (4.0.1) lib/active_support/tagged_logging.rb:67:in `tagged'
  railties (4.0.1) lib/rails/rack/logger.rb:20:in `call'
  actionpack (4.0.1) lib/action_dispatch/middleware/request_id.rb:21:in `call'
  rack (1.5.2) lib/rack/methodoverride.rb:21:in `call'
  rack (1.5.2) lib/rack/runtime.rb:17:in `call'
  activesupport (4.0.1) lib/active_support/cache/strategy/local_cache.rb:83:in `call'
  rack (1.5.2) lib/rack/lock.rb:17:in `call'
  actionpack (4.0.1) lib/action_dispatch/middleware/static.rb:64:in `call'
  rack (1.5.2) lib/rack/sendfile.rb:112:in `call'
  railties (4.0.1) lib/rails/engine.rb:511:in `call'
  railties (4.0.1) lib/rails/application.rb:97:in `call'
  rack (1.5.2) lib/rack/lock.rb:17:in `call'
  rack (1.5.2) lib/rack/content_length.rb:14:in `call'
  rack (1.5.2) lib/rack/handler/webrick.rb:60:in `service'
  C:/RailsInstaller/Ruby2.0.0/lib/ruby/2.0.0/webrick/httpserver.rb:138:in `service'
  C:/RailsInstaller/Ruby2.0.0/lib/ruby/2.0.0/webrick/httpserver.rb:94:in `run'
  C:/RailsInstaller/Ruby2.0.0/lib/ruby/2.0.0/webrick/server.rb:295:in `block in start_thread'


  Rendered C:/RailsInstaller/Ruby2.0.0/lib/ruby/gems/2.0.0/gems/actionpack-4.0.1/lib/action_dispatch/middleware/templates/rescues/unknown_action.erb within rescues/layout (1.0ms)


Started POST "/projects" for 127.0.0.1 at 2013-12-17 15:04:58 +0100

AbstractController::ActionNotFound (The action 'create' could not be found for ProjectsController):
  actionpack (4.0.1) lib/abstract_controller/base.rb:131:in `process'
  actionpack (4.0.1) lib/abstract_controller/rendering.rb:44:in `process'
  actionpack (4.0.1) lib/action_controller/metal.rb:195:in `dispatch'
  actionpack (4.0.1) lib/action_controller/metal/rack_delegation.rb:13:in `dispatch'
  actionpack (4.0.1) lib/action_controller/metal.rb:231:in `block in action'
  actionpack (4.0.1) lib/action_dispatch/routing/route_set.rb:80:in `call'
  actionpack (4.0.1) lib/action_dispatch/routing/route_set.rb:80:in `dispatch'
  actionpack (4.0.1) lib/action_dispatch/routing/route_set.rb:48:in `call'
  actionpack (4.0.1) lib/action_dispatch/journey/router.rb:71:in `block in call'
  actionpack (4.0.1) lib/action_dispatch/journey/router.rb:59:in `each'
  actionpack (4.0.1) lib/action_dispatch/journey/router.rb:59:in `call'
  actionpack (4.0.1) lib/action_dispatch/routing/route_set.rb:680:in `call'
  warden (1.2.3) lib/warden/manager.rb:35:in `block in call'
  warden (1.2.3) lib/warden/manager.rb:34:in `catch'
  warden (1.2.3) lib/warden/manager.rb:34:in `call'
  rack (1.5.2) lib/rack/etag.rb:23:in `call'
  rack (1.5.2) lib/rack/conditionalget.rb:35:in `call'
  rack (1.5.2) lib/rack/head.rb:11:in `call'
  actionpack (4.0.1) lib/action_dispatch/middleware/params_parser.rb:27:in `call'
  actionpack (4.0.1) lib/action_dispatch/middleware/flash.rb:241:in `call'
  rack (1.5.2) lib/rack/session/abstract/id.rb:225:in `context'
  rack (1.5.2) lib/rack/session/abstract/id.rb:220:in `call'
  actionpack (4.0.1) lib/action_dispatch/middleware/cookies.rb:486:in `call'
  activerecord (4.0.1) lib/active_record/query_cache.rb:36:in `call'
  activerecord (4.0.1) lib/active_record/connection_adapters/abstract/connection_pool.rb:626:in `call'
  activerecord (4.0.1) lib/active_record/migration.rb:369:in `call'
  actionpack (4.0.1) lib/action_dispatch/middleware/callbacks.rb:29:in `block in call'
  activesupport (4.0.1) lib/active_support/callbacks.rb:373:in `_run__1010690026__call__callbacks'
  activesupport (4.0.1) lib/active_support/callbacks.rb:80:in `run_callbacks'
  actionpack (4.0.1) lib/action_dispatch/middleware/callbacks.rb:27:in `call'
  actionpack (4.0.1) lib/action_dispatch/middleware/reloader.rb:64:in `call'
  actionpack (4.0.1) lib/action_dispatch/middleware/remote_ip.rb:76:in `call'
  actionpack (4.0.1) lib/action_dispatch/middleware/debug_exceptions.rb:17:in `call'
  actionpack (4.0.1) lib/action_dispatch/middleware/show_exceptions.rb:30:in `call'
  railties (4.0.1) lib/rails/rack/logger.rb:38:in `call_app'
  railties (4.0.1) lib/rails/rack/logger.rb:20:in `block in call'
  activesupport (4.0.1) lib/active_support/tagged_logging.rb:67:in `block in tagged'
  activesupport (4.0.1) lib/active_support/tagged_logging.rb:25:in `tagged'
  activesupport (4.0.1) lib/active_support/tagged_logging.rb:67:in `tagged'
  railties (4.0.1) lib/rails/rack/logger.rb:20:in `call'
  actionpack (4.0.1) lib/action_dispatch/middleware/request_id.rb:21:in `call'
  rack (1.5.2) lib/rack/methodoverride.rb:21:in `call'
  rack (1.5.2) lib/rack/runtime.rb:17:in `call'
  activesupport (4.0.1) lib/active_support/cache/strategy/local_cache.rb:83:in `call'
  rack (1.5.2) lib/rack/lock.rb:17:in `call'
  actionpack (4.0.1) lib/action_dispatch/middleware/static.rb:64:in `call'
  rack (1.5.2) lib/rack/sendfile.rb:112:in `call'
  railties (4.0.1) lib/rails/engine.rb:511:in `call'
  railties (4.0.1) lib/rails/application.rb:97:in `call'
  rack (1.5.2) lib/rack/lock.rb:17:in `call'
  rack (1.5.2) lib/rack/content_length.rb:14:in `call'
  rack (1.5.2) lib/rack/handler/webrick.rb:60:in `service'
  C:/RailsInstaller/Ruby2.0.0/lib/ruby/2.0.0/webrick/httpserver.rb:138:in `service'
  C:/RailsInstaller/Ruby2.0.0/lib/ruby/2.0.0/webrick/httpserver.rb:94:in `run'
  C:/RailsInstaller/Ruby2.0.0/lib/ruby/2.0.0/webrick/server.rb:295:in `block in start_thread'


  Rendered C:/RailsInstaller/Ruby2.0.0/lib/ruby/gems/2.0.0/gems/actionpack-4.0.1/lib/action_dispatch/middleware/templates/rescues/unknown_action.erb within rescues/layout (1.0ms)


Started GET "/projects" for 127.0.0.1 at 2013-12-17 15:21:29 +0100
Processing by ProjectsController#index as HTML
  [1m[35mUser Load (1.0ms)[0m  SELECT "users".* FROM "users" WHERE "users"."id" = 1 ORDER BY "users"."id" ASC LIMIT 1
  [1m[36mProject Load (0.0ms)[0m  [1mSELECT "projects".* FROM "projects"[0m
  Rendered projects/_project.html.erb (3.0ms)
  Rendered projects/index.html.erb within layouts/application (20.0ms)
  Rendered layouts/_navigation.html.erb (1.0ms)
  Rendered layouts/_messages.html.erb (0.0ms)
Completed 200 OK in 223ms (Views: 171.0ms | ActiveRecord: 6.0ms)


Started GET "/projects/new" for 127.0.0.1 at 2013-12-17 15:21:30 +0100
Processing by ProjectsController#new as JS
  [1m[35mUser Load (1.0ms)[0m  SELECT "users".* FROM "users" WHERE "users"."id" = 1 ORDER BY "users"."id" ASC LIMIT 1
  Rendered projects/_form.html.erb (2.0ms)
  Rendered projects/new.js.erb (18.0ms)
Completed 200 OK in 48ms (Views: 42.0ms | ActiveRecord: 1.0ms)


Started GET "/projects/1/edit" for 127.0.0.1 at 2013-12-17 15:21:32 +0100
Processing by ProjectsController#edit as JS
  Parameters: {"id"=>"1"}
  [1m[36mUser Load (0.0ms)[0m  [1mSELECT "users".* FROM "users" WHERE "users"."id" = 1 ORDER BY "users"."id" ASC LIMIT 1[0m
  [1m[35mProject Load (1.0ms)[0m  SELECT "projects".* FROM "projects" WHERE "projects"."id" = ? LIMIT 1  [["id", "1"]]
  Rendered projects/_form.html.erb (3.0ms)
  Rendered projects/edit.js.erb (21.0ms)
Completed 200 OK in 60ms (Views: 47.0ms | ActiveRecord: 1.0ms)


Started GET "/projects/2/edit" for 127.0.0.1 at 2013-12-17 15:21:34 +0100
Processing by ProjectsController#edit as JS
  Parameters: {"id"=>"2"}
  [1m[36mUser Load (0.0ms)[0m  [1mSELECT "users".* FROM "users" WHERE "users"."id" = 1 ORDER BY "users"."id" ASC LIMIT 1[0m
  [1m[35mProject Load (1.0ms)[0m  SELECT "projects".* FROM "projects" WHERE "projects"."id" = ? LIMIT 1  [["id", "2"]]
  Rendered projects/_form.html.erb (2.0ms)
  Rendered projects/edit.js.erb (19.0ms)
Completed 200 OK in 58ms (Views: 46.0ms | ActiveRecord: 1.0ms)


Started GET "/projects" for 127.0.0.1 at 2013-12-17 15:21:36 +0100
Processing by ProjectsController#index as HTML
  [1m[36mUser Load (1.0ms)[0m  [1mSELECT "users".* FROM "users" WHERE "users"."id" = 1 ORDER BY "users"."id" ASC LIMIT 1[0m
  [1m[35mProject Load (0.0ms)[0m  SELECT "projects".* FROM "projects"
  Rendered projects/_project.html.erb (2.0ms)
  Rendered projects/index.html.erb within layouts/application (11.0ms)
  Rendered layouts/_navigation.html.erb (2.0ms)
  Rendered layouts/_messages.html.erb (0.0ms)
Completed 200 OK in 48ms (Views: 42.0ms | ActiveRecord: 1.0ms)


Started GET "/projects/1/edit" for 127.0.0.1 at 2013-12-17 15:21:37 +0100
Processing by ProjectsController#edit as JS
  Parameters: {"id"=>"1"}
  [1m[36mUser Load (0.0ms)[0m  [1mSELECT "users".* FROM "users" WHERE "users"."id" = 1 ORDER BY "users"."id" ASC LIMIT 1[0m
  [1m[35mProject Load (0.0ms)[0m  SELECT "projects".* FROM "projects" WHERE "projects"."id" = ? LIMIT 1  [["id", "1"]]
  Rendered projects/_form.html.erb (2.0ms)
  Rendered projects/edit.js.erb (18.0ms)
Completed 200 OK in 49ms (Views: 41.0ms | ActiveRecord: 0.0ms)


Started GET "/projects" for 127.0.0.1 at 2013-12-17 15:24:19 +0100
Processing by ProjectsController#index as HTML
  [1m[36mUser Load (1.0ms)[0m  [1mSELECT "users".* FROM "users" WHERE "users"."id" = 1 ORDER BY "users"."id" ASC LIMIT 1[0m
  [1m[35mProject Load (1.0ms)[0m  SELECT "projects".* FROM "projects"
  Rendered projects/_project.html.erb (3.0ms)
  Rendered projects/index.html.erb within layouts/application (20.0ms)
  Rendered layouts/_navigation.html.erb (2.0ms)
  Rendered layouts/_messages.html.erb (0.0ms)
Completed 200 OK in 137ms (Views: 47.0ms | ActiveRecord: 7.0ms)


Started GET "/projects/new" for 127.0.0.1 at 2013-12-17 15:24:21 +0100
Processing by ProjectsController#new as JS
  [1m[36mUser Load (0.0ms)[0m  [1mSELECT "users".* FROM "users" WHERE "users"."id" = 1 ORDER BY "users"."id" ASC LIMIT 1[0m
  Rendered projects/_form.html.erb (2.0ms)
  Rendered projects/new.js.erb (17.0ms)
Completed 200 OK in 48ms (Views: 41.0ms | ActiveRecord: 0.0ms)


Started POST "/projects" for 127.0.0.1 at 2013-12-17 15:24:23 +0100
Processing by ProjectsController#create as JS
  Parameters: {"utf8"=>"✓", "project"=>{"name"=>"asdasd"}, "commit"=>"Save"}
  [1m[35mUser Load (1.0ms)[0m  SELECT "users".* FROM "users" WHERE "users"."id" = 1 ORDER BY "users"."id" ASC LIMIT 1
  [1m[36m (0.0ms)[0m  [1mbegin transaction[0m
  [1m[35mProject Exists (1.0ms)[0m  SELECT 1 AS one FROM "projects" WHERE "projects"."name" = 'asdasd' LIMIT 1
  [1m[36mSQL (3.0ms)[0m  [1mINSERT INTO "projects" ("created_at", "name", "updated_at") VALUES (?, ?, ?)[0m  [["created_at", Tue, 17 Dec 2013 14:24:23 UTC +00:00], ["name", "asdasd"], ["updated_at", Tue, 17 Dec 2013 14:24:23 UTC +00:00]]
  [1m[35m (10.0ms)[0m  commit transaction
  Rendered projects/_project.html.erb (2.0ms)
  Rendered projects/create.js.erb (20.0ms)
Completed 200 OK in 95ms (Views: 44.0ms | ActiveRecord: 15.0ms)


Started GET "/projects/3/edit" for 127.0.0.1 at 2013-12-17 15:24:24 +0100
Processing by ProjectsController#edit as JS
  Parameters: {"id"=>"3"}
  [1m[36mUser Load (1.0ms)[0m  [1mSELECT "users".* FROM "users" WHERE "users"."id" = 1 ORDER BY "users"."id" ASC LIMIT 1[0m
  [1m[35mProject Load (1.0ms)[0m  SELECT "projects".* FROM "projects" WHERE "projects"."id" = ? LIMIT 1  [["id", "3"]]
  Rendered projects/_form.html.erb (3.0ms)
  Rendered projects/edit.js.erb (20.0ms)
Completed 200 OK in 53ms (Views: 45.0ms | ActiveRecord: 2.0ms)


Started GET "/projects" for 127.0.0.1 at 2013-12-17 15:24:26 +0100
Processing by ProjectsController#index as HTML
  [1m[36mUser Load (1.0ms)[0m  [1mSELECT "users".* FROM "users" WHERE "users"."id" = 1 ORDER BY "users"."id" ASC LIMIT 1[0m
  [1m[35mProject Load (1.0ms)[0m  SELECT "projects".* FROM "projects"
  Rendered projects/_project.html.erb (3.0ms)
  Rendered projects/index.html.erb within layouts/application (11.0ms)
  Rendered layouts/_navigation.html.erb (1.0ms)
  Rendered layouts/_messages.html.erb (0.0ms)
Completed 200 OK in 51ms (Views: 44.0ms | ActiveRecord: 2.0ms)


Started DELETE "/projects/3" for 127.0.0.1 at 2013-12-17 15:24:28 +0100
Processing by ProjectsController#destroy as JS
  Parameters: {"id"=>"3"}
  [1m[36mUser Load (1.0ms)[0m  [1mSELECT "users".* FROM "users" WHERE "users"."id" = 1 ORDER BY "users"."id" ASC LIMIT 1[0m
  [1m[35mProject Load (0.0ms)[0m  SELECT "projects".* FROM "projects" WHERE "projects"."id" = ? LIMIT 1  [["id", "3"]]
  [1m[36m (0.0ms)[0m  [1mbegin transaction[0m
  [1m[35mSQL (2.0ms)[0m  DELETE FROM "projects" WHERE "projects"."id" = ?  [["id", 3]]
  [1m[36m (14.0ms)[0m  [1mcommit transaction[0m
  Rendered projects/destroy.js.erb (1.0ms)
Completed 200 OK in 86ms (Views: 47.0ms | ActiveRecord: 17.0ms)


Started GET "/projects" for 127.0.0.1 at 2013-12-17 15:27:03 +0100
Processing by ProjectsController#index as HTML
  [1m[35mUser Load (0.0ms)[0m  SELECT "users".* FROM "users" WHERE "users"."id" = 1 ORDER BY "users"."id" ASC LIMIT 1
  [1m[36mProject Load (0.0ms)[0m  [1mSELECT "projects".* FROM "projects"[0m
  Rendered projects/_project.html.erb (2.0ms)
  Rendered projects/index.html.erb within layouts/application (9.0ms)
Completed 500 Internal Server Error in 103ms

ActionView::Template::Error (couldn't find file 'jquery.ui.effect.all'
  (in C:/Sites/uebung8/app/assets/javascripts/application.js:15)):
     5: 	
     6:   <title>Uebung7</title>
     7:   <%= stylesheet_link_tag    "application", media: "all", "data-turbolinks-track" => true %>
     8:   <%= javascript_include_tag "application", "data-turbolinks-track" => true %>
     9:   <%= csrf_meta_tags %>
    10: </head>
    11: <body>
  app/views/layouts/application.html.erb:8:in `_app_views_layouts_application_html_erb___521573414_36606264'


  Rendered C:/RailsInstaller/Ruby2.0.0/lib/ruby/gems/2.0.0/gems/actionpack-4.0.1/lib/action_dispatch/middleware/templates/rescues/_trace.erb (3.0ms)
  Rendered C:/RailsInstaller/Ruby2.0.0/lib/ruby/gems/2.0.0/gems/actionpack-4.0.1/lib/action_dispatch/middleware/templates/rescues/_request_and_response.erb (2.0ms)
  Rendered C:/RailsInstaller/Ruby2.0.0/lib/ruby/gems/2.0.0/gems/actionpack-4.0.1/lib/action_dispatch/middleware/templates/rescues/template_error.erb within rescues/layout (46.0ms)


Started GET "/projects" for 127.0.0.1 at 2013-12-17 15:27:03 +0100
Processing by ProjectsController#index as HTML
  [1m[35mUser Load (1.0ms)[0m  SELECT "users".* FROM "users" WHERE "users"."id" = 1 ORDER BY "users"."id" ASC LIMIT 1
  [1m[36mProject Load (1.0ms)[0m  [1mSELECT "projects".* FROM "projects"[0m
  Rendered projects/_project.html.erb (1.0ms)
  Rendered projects/index.html.erb within layouts/application (9.0ms)
Completed 500 Internal Server Error in 69ms

ActionView::Template::Error (couldn't find file 'jquery.ui.effect.all'
  (in C:/Sites/uebung8/app/assets/javascripts/application.js:15)):
     5: 	
     6:   <title>Uebung7</title>
     7:   <%= stylesheet_link_tag    "application", media: "all", "data-turbolinks-track" => true %>
     8:   <%= javascript_include_tag "application", "data-turbolinks-track" => true %>
     9:   <%= csrf_meta_tags %>
    10: </head>
    11: <body>
  app/views/layouts/application.html.erb:8:in `_app_views_layouts_application_html_erb___521573414_36606264'


  Rendered C:/RailsInstaller/Ruby2.0.0/lib/ruby/gems/2.0.0/gems/actionpack-4.0.1/lib/action_dispatch/middleware/templates/rescues/_trace.erb (3.0ms)
  Rendered C:/RailsInstaller/Ruby2.0.0/lib/ruby/gems/2.0.0/gems/actionpack-4.0.1/lib/action_dispatch/middleware/templates/rescues/_request_and_response.erb (2.0ms)
  Rendered C:/RailsInstaller/Ruby2.0.0/lib/ruby/gems/2.0.0/gems/actionpack-4.0.1/lib/action_dispatch/middleware/templates/rescues/template_error.erb within rescues/layout (52.0ms)


Started GET "/projects" for 127.0.0.1 at 2013-12-17 15:28:12 +0100
  [1m[36mActiveRecord::SchemaMigration Load (1.0ms)[0m  [1mSELECT "schema_migrations".* FROM "schema_migrations"[0m
Processing by ProjectsController#index as HTML
  [1m[35mUser Load (1.0ms)[0m  SELECT "users".* FROM "users" WHERE "users"."id" = 1 ORDER BY "users"."id" ASC LIMIT 1
  [1m[36mProject Load (0.0ms)[0m  [1mSELECT "projects".* FROM "projects"[0m
  Rendered projects/_project.html.erb (2.0ms)
  Rendered projects/index.html.erb within layouts/application (26.0ms)
  Rendered layouts/_navigation.html.erb (2.0ms)
  Rendered layouts/_messages.html.erb (1.0ms)
Completed 200 OK in 1158ms (Views: 1054.1ms | ActiveRecord: 2.0ms)


Started GET "/assets/bootstrap.min.css?body=1" for 127.0.0.1 at 2013-12-17 15:28:13 +0100


Started GET "/assets/datepicker.css?body=1" for 127.0.0.1 at 2013-12-17 15:28:13 +0100


Started GET "/assets/application.css?body=1" for 127.0.0.1 at 2013-12-17 15:28:13 +0100


Started GET "/assets/projects.css?body=1" for 127.0.0.1 at 2013-12-17 15:28:13 +0100


Started GET "/assets/bootstrap-theme.min.css?body=1" for 127.0.0.1 at 2013-12-17 15:28:13 +0100


Started GET "/assets/tasks.css?body=1" for 127.0.0.1 at 2013-12-17 15:28:13 +0100


Started GET "/assets/jquery.ui.effect.js?body=1" for 127.0.0.1 at 2013-12-17 15:28:13 +0100


Started GET "/assets/jquery.js?body=1" for 127.0.0.1 at 2013-12-17 15:28:13 +0100


Started GET "/assets/jquery.ui.effect-blind.js?body=1" for 127.0.0.1 at 2013-12-17 15:28:13 +0100


Started GET "/assets/jquery.ui.effect-bounce.js?body=1" for 127.0.0.1 at 2013-12-17 15:28:13 +0100


Started GET "/assets/jquery.ui.effect-clip.js?body=1" for 127.0.0.1 at 2013-12-17 15:28:13 +0100


Started GET "/assets/jquery.ui.effect-drop.js?body=1" for 127.0.0.1 at 2013-12-17 15:28:13 +0100


Started GET "/assets/jquery.ui.effect-explode.js?body=1" for 127.0.0.1 at 2013-12-17 15:28:13 +0100


Started GET "/assets/jquery.ui.effect-fade.js?body=1" for 127.0.0.1 at 2013-12-17 15:28:13 +0100


Started GET "/assets/jquery.ui.effect-fold.js?body=1" for 127.0.0.1 at 2013-12-17 15:28:13 +0100


Started GET "/assets/jquery.ui.effect-highlight.js?body=1" for 127.0.0.1 at 2013-12-17 15:28:13 +0100


Started GET "/assets/jquery.ui.effect-pulsate.js?body=1" for 127.0.0.1 at 2013-12-17 15:28:14 +0100


Started GET "/assets/jquery.ui.effect-scale.js?body=1" for 127.0.0.1 at 2013-12-17 15:28:14 +0100


Started GET "/assets/jquery.ui.effect-shake.js?body=1" for 127.0.0.1 at 2013-12-17 15:28:14 +0100


Started GET "/assets/jquery.ui.effect-slide.js?body=1" for 127.0.0.1 at 2013-12-17 15:28:14 +0100


Started GET "/assets/jquery.ui.effect-transfer.js?body=1" for 127.0.0.1 at 2013-12-17 15:28:14 +0100


Started GET "/assets/jquery.ui.effect.all.js?body=1" for 127.0.0.1 at 2013-12-17 15:28:14 +0100


Started GET "/assets/jquery_ujs.js?body=1" for 127.0.0.1 at 2013-12-17 15:28:14 +0100


Started GET "/assets/bootstrap.min.js?body=1" for 127.0.0.1 at 2013-12-17 15:28:14 +0100


Started GET "/assets/bootstrap-datepicker.js?body=1" for 127.0.0.1 at 2013-12-17 15:28:14 +0100


Started GET "/assets/turbolinks.js?body=1" for 127.0.0.1 at 2013-12-17 15:28:14 +0100


Started GET "/assets/projects.js?body=1" for 127.0.0.1 at 2013-12-17 15:28:14 +0100


Started GET "/assets/tasks.js?body=1" for 127.0.0.1 at 2013-12-17 15:28:14 +0100


Started GET "/assets/application.js?body=1" for 127.0.0.1 at 2013-12-17 15:28:14 +0100


Started GET "/projects/new" for 127.0.0.1 at 2013-12-17 15:28:16 +0100
Processing by ProjectsController#new as JS
  [1m[35mUser Load (1.0ms)[0m  SELECT "users".* FROM "users" WHERE "users"."id" = 1 ORDER BY "users"."id" ASC LIMIT 1
  Rendered projects/_form.html.erb (20.0ms)
  Rendered projects/new.js.erb (37.0ms)
Completed 200 OK in 68ms (Views: 62.0ms | ActiveRecord: 1.0ms)


Started POST "/projects" for 127.0.0.1 at 2013-12-17 15:28:17 +0100
Processing by ProjectsController#create as JS
  Parameters: {"utf8"=>"✓", "project"=>{"name"=>"asd"}, "commit"=>"Save"}
  [1m[36mUser Load (1.0ms)[0m  [1mSELECT "users".* FROM "users" WHERE "users"."id" = 1 ORDER BY "users"."id" ASC LIMIT 1[0m
  [1m[35m (1.0ms)[0m  begin transaction
  [1m[36mProject Exists (1.0ms)[0m  [1mSELECT 1 AS one FROM "projects" WHERE "projects"."name" = 'asd' LIMIT 1[0m
  [1m[35mSQL (16.0ms)[0m  INSERT INTO "projects" ("created_at", "name", "updated_at") VALUES (?, ?, ?)  [["created_at", Tue, 17 Dec 2013 14:28:18 UTC +00:00], ["name", "asd"], ["updated_at", Tue, 17 Dec 2013 14:28:18 UTC +00:00]]
  [1m[36m (10.0ms)[0m  [1mcommit transaction[0m
  Rendered projects/_project.html.erb (2.0ms)
  Rendered projects/create.js.erb (25.0ms)
Completed 200 OK in 126ms (Views: 55.0ms | ActiveRecord: 29.0ms)


Started GET "/projects/new" for 127.0.0.1 at 2013-12-17 15:28:19 +0100
Processing by ProjectsController#new as JS
  [1m[35mUser Load (1.0ms)[0m  SELECT "users".* FROM "users" WHERE "users"."id" = 1 ORDER BY "users"."id" ASC LIMIT 1
  Rendered projects/_form.html.erb (2.0ms)
  Rendered projects/new.js.erb (21.0ms)
Completed 200 OK in 52ms (Views: 45.0ms | ActiveRecord: 1.0ms)


Started GET "/projects/1/edit" for 127.0.0.1 at 2013-12-17 15:28:21 +0100
Processing by ProjectsController#edit as JS
  Parameters: {"id"=>"1"}
  [1m[36mUser Load (1.0ms)[0m  [1mSELECT "users".* FROM "users" WHERE "users"."id" = 1 ORDER BY "users"."id" ASC LIMIT 1[0m
  [1m[35mProject Load (0.0ms)[0m  SELECT "projects".* FROM "projects" WHERE "projects"."id" = ? LIMIT 1  [["id", "1"]]
  Rendered projects/_form.html.erb (2.0ms)
  Rendered projects/edit.js.erb (19.0ms)
Completed 200 OK in 53ms (Views: 43.0ms | ActiveRecord: 1.0ms)


Started GET "/projects/1/edit" for 127.0.0.1 at 2013-12-17 15:28:22 +0100
Processing by ProjectsController#edit as JS
  Parameters: {"id"=>"1"}
  [1m[36mUser Load (2.0ms)[0m  [1mSELECT "users".* FROM "users" WHERE "users"."id" = 1 ORDER BY "users"."id" ASC LIMIT 1[0m
  [1m[35mProject Load (0.0ms)[0m  SELECT "projects".* FROM "projects" WHERE "projects"."id" = ? LIMIT 1  [["id", "1"]]
  Rendered projects/_form.html.erb (1.0ms)
  Rendered projects/edit.js.erb (21.0ms)
Completed 200 OK in 69ms (Views: 51.0ms | ActiveRecord: 2.0ms)


Started GET "/projects" for 127.0.0.1 at 2013-12-17 15:28:35 +0100
Processing by ProjectsController#index as HTML
  [1m[36mUser Load (0.0ms)[0m  [1mSELECT "users".* FROM "users" WHERE "users"."id" = 1 ORDER BY "users"."id" ASC LIMIT 1[0m
  [1m[35mProject Load (0.0ms)[0m  SELECT "projects".* FROM "projects"
  Rendered projects/_project.html.erb (10.0ms)
  Rendered projects/index.html.erb within layouts/application (20.0ms)
  Rendered layouts/_navigation.html.erb (3.0ms)
  Rendered layouts/_messages.html.erb (1.0ms)
Completed 200 OK in 81ms (Views: 75.0ms | ActiveRecord: 0.0ms)


Started GET "/projects/new" for 127.0.0.1 at 2013-12-17 15:28:36 +0100
Processing by ProjectsController#new as JS
  [1m[36mUser Load (1.0ms)[0m  [1mSELECT "users".* FROM "users" WHERE "users"."id" = 1 ORDER BY "users"."id" ASC LIMIT 1[0m
  Rendered projects/_form.html.erb (3.0ms)
  Rendered projects/new.js.erb (18.0ms)
Completed 200 OK in 50ms (Views: 42.0ms | ActiveRecord: 1.0ms)


Started GET "/projects" for 127.0.0.1 at 2013-12-17 15:28:37 +0100
Processing by ProjectsController#index as HTML
  [1m[35mUser Load (1.0ms)[0m  SELECT "users".* FROM "users" WHERE "users"."id" = 1 ORDER BY "users"."id" ASC LIMIT 1
  [1m[36mProject Load (1.0ms)[0m  [1mSELECT "projects".* FROM "projects"[0m
  Rendered projects/_project.html.erb (2.0ms)
  Rendered projects/index.html.erb within layouts/application (10.0ms)
  Rendered layouts/_navigation.html.erb (2.0ms)
  Rendered layouts/_messages.html.erb (0.0ms)
Completed 200 OK in 66ms (Views: 57.0ms | ActiveRecord: 2.0ms)


Started GET "/projects/new" for 127.0.0.1 at 2013-12-17 15:29:24 +0100
Processing by ProjectsController#new as JS
  [1m[35mUser Load (0.0ms)[0m  SELECT "users".* FROM "users" WHERE "users"."id" = 1 ORDER BY "users"."id" ASC LIMIT 1
  Rendered projects/_form.html.erb (2.0ms)
  Rendered projects/new.js.erb (19.0ms)
Completed 200 OK in 50ms (Views: 43.0ms | ActiveRecord: 0.0ms)


Started POST "/projects" for 127.0.0.1 at 2013-12-17 15:29:26 +0100
Processing by ProjectsController#create as JS
  Parameters: {"utf8"=>"✓", "project"=>{"name"=>"asdsadasdsad"}, "commit"=>"Save"}
  [1m[36mUser Load (0.0ms)[0m  [1mSELECT "users".* FROM "users" WHERE "users"."id" = 1 ORDER BY "users"."id" ASC LIMIT 1[0m
  [1m[35m (0.0ms)[0m  begin transaction
  [1m[36mProject Exists (0.0ms)[0m  [1mSELECT 1 AS one FROM "projects" WHERE "projects"."name" = 'asdsadasdsad' LIMIT 1[0m
  [1m[35mSQL (2.0ms)[0m  INSERT INTO "projects" ("created_at", "name", "updated_at") VALUES (?, ?, ?)  [["created_at", Tue, 17 Dec 2013 14:29:26 UTC +00:00], ["name", "asdsadasdsad"], ["updated_at", Tue, 17 Dec 2013 14:29:26 UTC +00:00]]
  [1m[36m (10.0ms)[0m  [1mcommit transaction[0m
  Rendered projects/_project.html.erb (1.0ms)
  Rendered projects/create.js.erb (16.0ms)
Completed 200 OK in 69ms (Views: 41.0ms | ActiveRecord: 12.0ms)


Started GET "/projects/new" for 127.0.0.1 at 2013-12-17 15:29:54 +0100
Processing by ProjectsController#new as JS
  [1m[35mUser Load (1.0ms)[0m  SELECT "users".* FROM "users" WHERE "users"."id" = 1 ORDER BY "users"."id" ASC LIMIT 1
  Rendered projects/_form.html.erb (2.0ms)
  Rendered projects/new.js.erb (22.0ms)
Completed 200 OK in 54ms (Views: 49.0ms | ActiveRecord: 1.0ms)


Started POST "/projects" for 127.0.0.1 at 2013-12-17 15:29:55 +0100
Processing by ProjectsController#create as JS
  Parameters: {"utf8"=>"✓", "project"=>{"name"=>""}, "commit"=>"Save"}
  [1m[36mUser Load (0.0ms)[0m  [1mSELECT "users".* FROM "users" WHERE "users"."id" = 1 ORDER BY "users"."id" ASC LIMIT 1[0m
  [1m[35m (0.0ms)[0m  begin transaction
  [1m[36mProject Exists (0.0ms)[0m  [1mSELECT 1 AS one FROM "projects" WHERE "projects"."name" = '' LIMIT 1[0m
  [1m[35m (0.0ms)[0m  rollback transaction
  Rendered projects/error.js.erb (2.0ms)
Completed 200 OK in 66ms (Views: 32.0ms | ActiveRecord: 0.0ms)
